[35m[1mConsolidate compiler generated dependencies of target camera_node[0m
[ 33%] [32mBuilding CXX object CMakeFiles/camera_node.dir/src/hik_camera_node.cpp.o[0m
[ 66%] [32m[1mLinking CXX executable camera_node[0m
[100%] Built target camera_node
-- Install configuration: ""
-- Installing: /home/lj/ne_io_Hik_Camera/install/hikcamera_node/lib/hikcamera_node/camera_node
-- Set runtime path of "/home/lj/ne_io_Hik_Camera/install/hikcamera_node/lib/hikcamera_node/camera_node" to "/opt/MVS/lib/64:/opt/ros/humble/lib/x86_64-linux-gnu:/opt/ros/humble/lib"
-- Installing: /home/lj/ne_io_Hik_Camera/install/hikcamera_node/share/ament_index/resource_index/package_run_dependencies/hikcamera_node
-- Installing: /home/lj/ne_io_Hik_Camera/install/hikcamera_node/share/ament_index/resource_index/parent_prefix_path/hikcamera_node
-- Installing: /home/lj/ne_io_Hik_Camera/install/hikcamera_node/share/hikcamera_node/environment/ament_prefix_path.sh
-- Installing: /home/lj/ne_io_Hik_Camera/install/hikcamera_node/share/hikcamera_node/environment/ament_prefix_path.dsv
-- Installing: /home/lj/ne_io_Hik_Camera/install/hikcamera_node/share/hikcamera_node/environment/path.sh
-- Installing: /home/lj/ne_io_Hik_Camera/install/hikcamera_node/share/hikcamera_node/environment/path.dsv
-- Installing: /home/lj/ne_io_Hik_Camera/install/hikcamera_node/share/hikcamera_node/local_setup.bash
-- Installing: /home/lj/ne_io_Hik_Camera/install/hikcamera_node/share/hikcamera_node/local_setup.sh
-- Installing: /home/lj/ne_io_Hik_Camera/install/hikcamera_node/share/hikcamera_node/local_setup.zsh
-- Installing: /home/lj/ne_io_Hik_Camera/install/hikcamera_node/share/hikcamera_node/local_setup.dsv
-- Installing: /home/lj/ne_io_Hik_Camera/install/hikcamera_node/share/hikcamera_node/package.dsv
-- Installing: /home/lj/ne_io_Hik_Camera/install/hikcamera_node/share/ament_index/resource_index/packages/hikcamera_node
-- Installing: /home/lj/ne_io_Hik_Camera/install/hikcamera_node/share/hikcamera_node/cmake/hikcamera_nodeConfig.cmake
-- Installing: /home/lj/ne_io_Hik_Camera/install/hikcamera_node/share/hikcamera_node/cmake/hikcamera_nodeConfig-version.cmake
-- Installing: /home/lj/ne_io_Hik_Camera/install/hikcamera_node/share/hikcamera_node/package.xml
