In file included from [01m[K/home/lj/ne_io_Hik_Camera/src/hikcamera_node/src/hik_camera_node.cpp:1[m[K:
[01m[K/home/lj/ne_io_Hik_Camera/src/hikcamera_node/include/hik_camera_node.hpp:27:6:[m[K [01;31m[Kerror: [m[K‘[01m[Khk_camera[m[K’ does not name a type
   27 |      [01;31m[Khk_camera[m[K hk_cam_;
      |      [01;31m[K^~~~~~~~~[m[K
[01m[K/home/lj/ne_io_Hik_Camera/src/hikcamera_node/src/hik_camera_node.cpp:[m[K In constructor ‘[01m[KImagePublisher::ImagePublisher(const string&)[m[K’:
[01m[K/home/lj/ne_io_Hik_Camera/src/hikcamera_node/src/hik_camera_node.cpp:10:44:[m[K [01;31m[Kerror: [m[Kno matching function for call to ‘[01m[Kimage_transport::ImageTransport::ImageTransport(ImagePublisher*)[m[K’
   10 |     image_transport::ImageTransport it(this[01;31m[K)[m[K;
      |                                            [01;31m[K^[m[K
In file included from [01m[K/home/lj/ne_io_Hik_Camera/src/hikcamera_node/include/hik_camera_node.hpp:5[m[K,
                 from [01m[K/home/lj/ne_io_Hik_Camera/src/hikcamera_node/src/hik_camera_node.cpp:1[m[K:
[01m[K/opt/ros/humble/include/image_transport/image_transport/image_transport.hpp:111:12:[m[K [01;36m[Knote: [m[Kcandidate: ‘[01m[Kimage_transport::ImageTransport::ImageTransport(rclcpp::Node::SharedPtr)[m[K’
  111 |   explicit [01;36m[KImageTransport[m[K(rclcpp::Node::SharedPtr node);
      |            [01;36m[K^~~~~~~~~~~~~~[m[K
[01m[K/opt/ros/humble/include/image_transport/image_transport/image_transport.hpp:111:51:[m[K [01;36m[Knote: [m[K  no known conversion for argument 1 from ‘[01m[KImagePublisher*[m[K’ to ‘[01m[Krclcpp::Node::SharedPtr[m[K’ {aka ‘[01m[Kstd::shared_ptr<rclcpp::Node>[m[K’}
  111 |   explicit ImageTransport([01;36m[Krclcpp::Node::SharedPtr node[m[K);
      |                           [01;36m[K~~~~~~~~~~~~~~~~~~~~~~~~^~~~[m[K
[01m[K/home/lj/ne_io_Hik_Camera/src/hikcamera_node/src/hik_camera_node.cpp:20:6:[m[K [01;31m[Kerror: [m[K‘[01m[Khk_cam_[m[K’ was not declared in this scope
   20 |      [01;31m[Khk_cam_[m[K.start();
      |      [01;31m[K^~~~~~~[m[K
[01m[K/home/lj/ne_io_Hik_Camera/src/hikcamera_node/src/hik_camera_node.cpp:[m[K In member function ‘[01m[Kvoid ImagePublisher::hikImgCallback()[m[K’:
[01m[K/home/lj/ne_io_Hik_Camera/src/hikcamera_node/src/hik_camera_node.cpp:26:27:[m[K [01;31m[Kerror: [m[K‘[01m[Khk_cam_[m[K’ was not declared in this scope
   26 |     cv::Mat src = cv::Mat([01;31m[Khk_cam_[m[K.stImageInfo.nHeight, hk_cam_.stImageInfo.nWidth, CV_8UC1);
      |                           [01;31m[K^~~~~~~[m[K
gmake[2]: *** [CMakeFiles/camera_node.dir/build.make:90：CMakeFiles/camera_node.dir/src/hik_camera_node.cpp.o] 错误 1
gmake[1]: *** [CMakeFiles/Makefile2:137：CMakeFiles/camera_node.dir/all] 错误 2
gmake: *** [Makefile:146：all] 错误 2
