[0.063s] Invoking command in '/home/lj/ne_io_Hik_Camera/build/hikcamera_node': CMAKE_PREFIX_PATH=/opt/ros/humble /usr/bin/cmake --build /home/lj/ne_io_Hik_Camera/build/hikcamera_node -- -j4 -l4
[0.138s] [35m[1mConsolidate compiler generated dependencies of target camera_node[0m
[0.169s] [ 33%] [32mBuilding CXX object CMakeFiles/camera_node.dir/src/hik_camera_node.cpp.o[0m
[4.056s] In file included from [01m[K/home/lj/ne_io_Hik_Camera/src/hikcamera_node/src/hik_camera_node.cpp:1[m[K:
[4.056s] [01m[K/home/lj/ne_io_Hik_Camera/src/hikcamera_node/include/hik_camera_node.hpp:27:6:[m[K [01;31m[Kerror: [m[K‘[01m[Khk_camera[m[K’ does not name a type
[4.056s]    27 |      [01;31m[Khk_camera[m[K hk_cam_;
[4.056s]       |      [01;31m[K^~~~~~~~~[m[K
[4.060s] [01m[K/home/lj/ne_io_Hik_Camera/src/hikcamera_node/src/hik_camera_node.cpp:[m[K In constructor ‘[01m[KImagePublisher::ImagePublisher(const string&)[m[K’:
[4.060s] [01m[K/home/lj/ne_io_Hik_Camera/src/hikcamera_node/src/hik_camera_node.cpp:10:44:[m[K [01;31m[Kerror: [m[Kno matching function for call to ‘[01m[Kimage_transport::ImageTransport::ImageTransport(ImagePublisher*)[m[K’
[4.060s]    10 |     image_transport::ImageTransport it(this[01;31m[K)[m[K;
[4.060s]       |                                            [01;31m[K^[m[K
[4.060s] In file included from [01m[K/home/lj/ne_io_Hik_Camera/src/hikcamera_node/include/hik_camera_node.hpp:5[m[K,
[4.060s]                  from [01m[K/home/lj/ne_io_Hik_Camera/src/hikcamera_node/src/hik_camera_node.cpp:1[m[K:
[4.060s] [01m[K/opt/ros/humble/include/image_transport/image_transport/image_transport.hpp:111:12:[m[K [01;36m[Knote: [m[Kcandidate: ‘[01m[Kimage_transport::ImageTransport::ImageTransport(rclcpp::Node::SharedPtr)[m[K’
[4.060s]   111 |   explicit [01;36m[KImageTransport[m[K(rclcpp::Node::SharedPtr node);
[4.060s]       |            [01;36m[K^~~~~~~~~~~~~~[m[K
[4.060s] [01m[K/opt/ros/humble/include/image_transport/image_transport/image_transport.hpp:111:51:[m[K [01;36m[Knote: [m[K  no known conversion for argument 1 from ‘[01m[KImagePublisher*[m[K’ to ‘[01m[Krclcpp::Node::SharedPtr[m[K’ {aka ‘[01m[Kstd::shared_ptr<rclcpp::Node>[m[K’}
[4.060s]   111 |   explicit ImageTransport([01;36m[Krclcpp::Node::SharedPtr node[m[K);
[4.060s]       |                           [01;36m[K~~~~~~~~~~~~~~~~~~~~~~~~^~~~[m[K
[4.088s] [01m[K/home/lj/ne_io_Hik_Camera/src/hikcamera_node/src/hik_camera_node.cpp:20:6:[m[K [01;31m[Kerror: [m[K‘[01m[Khk_cam_[m[K’ was not declared in this scope
[4.089s]    20 |      [01;31m[Khk_cam_[m[K.start();
[4.089s]       |      [01;31m[K^~~~~~~[m[K
[4.097s] [01m[K/home/lj/ne_io_Hik_Camera/src/hikcamera_node/src/hik_camera_node.cpp:[m[K In member function ‘[01m[Kvoid ImagePublisher::hikImgCallback()[m[K’:
[4.097s] [01m[K/home/lj/ne_io_Hik_Camera/src/hikcamera_node/src/hik_camera_node.cpp:26:27:[m[K [01;31m[Kerror: [m[K‘[01m[Khk_cam_[m[K’ was not declared in this scope
[4.097s]    26 |     cv::Mat src = cv::Mat([01;31m[Khk_cam_[m[K.stImageInfo.nHeight, hk_cam_.stImageInfo.nWidth, CV_8UC1);
[4.097s]       |                           [01;31m[K^~~~~~~[m[K
[5.736s] gmake[2]: *** [CMakeFiles/camera_node.dir/build.make:90：CMakeFiles/camera_node.dir/src/hik_camera_node.cpp.o] 错误 1
[5.736s] gmake[1]: *** [CMakeFiles/Makefile2:137：CMakeFiles/camera_node.dir/all] 错误 2
[5.736s] gmake: *** [Makefile:146：all] 错误 2
[5.741s] Invoked command in '/home/lj/ne_io_Hik_Camera/build/hikcamera_node' returned '2': CMAKE_PREFIX_PATH=/opt/ros/humble /usr/bin/cmake --build /home/lj/ne_io_Hik_Camera/build/hikcamera_node -- -j4 -l4
