[0.950s] DEBUG:colcon:Command line arguments: ['/usr/bin/colcon', 'build']
[0.950s] DEBUG:colcon:Parsed command line arguments: Namespace(log_base=None, log_level=None, verb_name='build', build_base='build', install_base='install', merge_install=False, symlink_install=False, test_result_base=None, continue_on_error=False, executor='parallel', parallel_workers=4, event_handlers=None, ignore_user_meta=False, metas=['./colcon.meta'], base_paths=['.'], packages_ignore=None, packages_ignore_regex=None, paths=None, packages_up_to=None, packages_up_to_regex=None, packages_above=None, packages_above_and_dependencies=None, packages_above_depth=None, packages_select_by_dep=None, packages_skip_by_dep=None, packages_skip_up_to=None, packages_select_build_failed=False, packages_skip_build_finished=False, packages_select_test_failures=False, packages_skip_test_passed=False, packages_select=None, packages_skip=None, packages_select_regex=None, packages_skip_regex=None, packages_start=None, packages_end=None, allow_overriding=[], cmake_args=None, cmake_target=None, cmake_target_skip_unavailable=False, cmake_clean_cache=False, cmake_clean_first=False, cmake_force_configure=False, ament_cmake_args=None, catkin_cmake_args=None, catkin_skip_building_tests=False, verb_parser=<colcon_defaults.argument_parser.defaults.DefaultArgumentsDecorator object at 0x755c1b7af550>, verb_extension=<colcon_core.verb.build.BuildVerb object at 0x755c1b7ac1f0>, main=<bound method BuildVerb.main of <colcon_core.verb.build.BuildVerb object at 0x755c1b7ac1f0>>)
[1.000s] Level 1:colcon.colcon_core.package_discovery:discover_packages(colcon_meta) check parameters
[1.000s] Level 1:colcon.colcon_core.package_discovery:discover_packages(recursive) check parameters
[1.000s] Level 1:colcon.colcon_core.package_discovery:discover_packages(ignore) check parameters
[1.000s] Level 1:colcon.colcon_core.package_discovery:discover_packages(path) check parameters
[1.000s] Level 1:colcon.colcon_core.package_discovery:discover_packages(colcon_meta) discover
[1.000s] Level 1:colcon.colcon_core.package_discovery:discover_packages(recursive) discover
[1.000s] INFO:colcon.colcon_core.package_discovery:Crawling recursively for packages in '/home/lj/ne_io_Hik_Camera'
[1.000s] Level 1:colcon.colcon_core.package_identification:_identify(.) by extensions ['ignore', 'ignore_ament_install']
[1.000s] Level 1:colcon.colcon_core.package_identification:_identify(.) by extension 'ignore'
[1.000s] Level 1:colcon.colcon_core.package_identification:_identify(.) by extension 'ignore_ament_install'
[1.000s] Level 1:colcon.colcon_core.package_identification:_identify(.) by extensions ['colcon_pkg']
[1.000s] Level 1:colcon.colcon_core.package_identification:_identify(.) by extension 'colcon_pkg'
[1.000s] Level 1:colcon.colcon_core.package_identification:_identify(.) by extensions ['colcon_meta']
[1.000s] Level 1:colcon.colcon_core.package_identification:_identify(.) by extension 'colcon_meta'
[1.001s] Level 1:colcon.colcon_core.package_identification:_identify(.) by extensions ['ros']
[1.001s] Level 1:colcon.colcon_core.package_identification:_identify(.) by extension 'ros'
[1.010s] Level 1:colcon.colcon_core.package_identification:_identify(.) by extensions ['cmake', 'python']
[1.010s] Level 1:colcon.colcon_core.package_identification:_identify(.) by extension 'cmake'
[1.010s] Level 1:colcon.colcon_core.package_identification:_identify(.) by extension 'python'
[1.010s] Level 1:colcon.colcon_core.package_identification:_identify(.) by extensions ['python_setup_py']
[1.010s] Level 1:colcon.colcon_core.package_identification:_identify(.) by extension 'python_setup_py'
[1.011s] Level 1:colcon.colcon_core.package_identification:_identify(build) by extensions ['ignore', 'ignore_ament_install']
[1.011s] Level 1:colcon.colcon_core.package_identification:_identify(build) by extension 'ignore'
[1.011s] Level 1:colcon.colcon_core.package_identification:_identify(build) ignored
[1.011s] Level 1:colcon.colcon_core.package_identification:_identify(install) by extensions ['ignore', 'ignore_ament_install']
[1.011s] Level 1:colcon.colcon_core.package_identification:_identify(install) by extension 'ignore'
[1.011s] Level 1:colcon.colcon_core.package_identification:_identify(install) ignored
[1.011s] Level 1:colcon.colcon_core.package_identification:_identify(log) by extensions ['ignore', 'ignore_ament_install']
[1.011s] Level 1:colcon.colcon_core.package_identification:_identify(log) by extension 'ignore'
[1.011s] Level 1:colcon.colcon_core.package_identification:_identify(log) ignored
[1.011s] Level 1:colcon.colcon_core.package_identification:_identify(src) by extensions ['ignore', 'ignore_ament_install']
[1.011s] Level 1:colcon.colcon_core.package_identification:_identify(src) by extension 'ignore'
[1.011s] Level 1:colcon.colcon_core.package_identification:_identify(src) by extension 'ignore_ament_install'
[1.011s] Level 1:colcon.colcon_core.package_identification:_identify(src) by extensions ['colcon_pkg']
[1.012s] Level 1:colcon.colcon_core.package_identification:_identify(src) by extension 'colcon_pkg'
[1.012s] Level 1:colcon.colcon_core.package_identification:_identify(src) by extensions ['colcon_meta']
[1.012s] Level 1:colcon.colcon_core.package_identification:_identify(src) by extension 'colcon_meta'
[1.012s] Level 1:colcon.colcon_core.package_identification:_identify(src) by extensions ['ros']
[1.012s] Level 1:colcon.colcon_core.package_identification:_identify(src) by extension 'ros'
[1.012s] Level 1:colcon.colcon_core.package_identification:_identify(src) by extensions ['cmake', 'python']
[1.012s] Level 1:colcon.colcon_core.package_identification:_identify(src) by extension 'cmake'
[1.012s] Level 1:colcon.colcon_core.package_identification:_identify(src) by extension 'python'
[1.012s] Level 1:colcon.colcon_core.package_identification:_identify(src) by extensions ['python_setup_py']
[1.012s] Level 1:colcon.colcon_core.package_identification:_identify(src) by extension 'python_setup_py'
[1.012s] Level 1:colcon.colcon_core.package_identification:_identify(src/hikcamera_node) by extensions ['ignore', 'ignore_ament_install']
[1.012s] Level 1:colcon.colcon_core.package_identification:_identify(src/hikcamera_node) by extension 'ignore'
[1.012s] Level 1:colcon.colcon_core.package_identification:_identify(src/hikcamera_node) by extension 'ignore_ament_install'
[1.012s] Level 1:colcon.colcon_core.package_identification:_identify(src/hikcamera_node) by extensions ['colcon_pkg']
[1.012s] Level 1:colcon.colcon_core.package_identification:_identify(src/hikcamera_node) by extension 'colcon_pkg'
[1.012s] Level 1:colcon.colcon_core.package_identification:_identify(src/hikcamera_node) by extensions ['colcon_meta']
[1.012s] Level 1:colcon.colcon_core.package_identification:_identify(src/hikcamera_node) by extension 'colcon_meta'
[1.012s] Level 1:colcon.colcon_core.package_identification:_identify(src/hikcamera_node) by extensions ['ros']
[1.012s] Level 1:colcon.colcon_core.package_identification:_identify(src/hikcamera_node) by extension 'ros'
[1.015s] DEBUG:colcon.colcon_core.package_identification:Package 'src/hikcamera_node' with type 'ros.ament_cmake' and name 'hikcamera_node'
[1.016s] Level 1:colcon.colcon_core.package_discovery:discover_packages(recursive) using defaults
[1.016s] Level 1:colcon.colcon_core.package_discovery:discover_packages(ignore) discover
[1.016s] Level 1:colcon.colcon_core.package_discovery:discover_packages(ignore) using defaults
[1.016s] Level 1:colcon.colcon_core.package_discovery:discover_packages(path) discover
[1.016s] Level 1:colcon.colcon_core.package_discovery:discover_packages(path) using defaults
[1.099s] Level 1:colcon.colcon_core.package_discovery:discover_packages(prefix_path) check parameters
[1.100s] Level 1:colcon.colcon_core.package_discovery:discover_packages(prefix_path) discover
[1.127s] DEBUG:colcon.colcon_installed_package_information.package_discovery:Found 272 installed packages in /opt/ros/humble
[1.129s] Level 1:colcon.colcon_core.package_discovery:discover_packages(prefix_path) using defaults
[1.211s] Level 5:colcon.colcon_core.verb:set package 'hikcamera_node' build argument 'cmake_args' from command line to 'None'
[1.211s] Level 5:colcon.colcon_core.verb:set package 'hikcamera_node' build argument 'cmake_target' from command line to 'None'
[1.211s] Level 5:colcon.colcon_core.verb:set package 'hikcamera_node' build argument 'cmake_target_skip_unavailable' from command line to 'False'
[1.211s] Level 5:colcon.colcon_core.verb:set package 'hikcamera_node' build argument 'cmake_clean_cache' from command line to 'False'
[1.211s] Level 5:colcon.colcon_core.verb:set package 'hikcamera_node' build argument 'cmake_clean_first' from command line to 'False'
[1.211s] Level 5:colcon.colcon_core.verb:set package 'hikcamera_node' build argument 'cmake_force_configure' from command line to 'False'
[1.211s] Level 5:colcon.colcon_core.verb:set package 'hikcamera_node' build argument 'ament_cmake_args' from command line to 'None'
[1.211s] Level 5:colcon.colcon_core.verb:set package 'hikcamera_node' build argument 'catkin_cmake_args' from command line to 'None'
[1.211s] Level 5:colcon.colcon_core.verb:set package 'hikcamera_node' build argument 'catkin_skip_building_tests' from command line to 'False'
[1.211s] DEBUG:colcon.colcon_core.verb:Building package 'hikcamera_node' with the following arguments: {'ament_cmake_args': None, 'build_base': '/home/lj/ne_io_Hik_Camera/build/hikcamera_node', 'catkin_cmake_args': None, 'catkin_skip_building_tests': False, 'cmake_args': None, 'cmake_clean_cache': False, 'cmake_clean_first': False, 'cmake_force_configure': False, 'cmake_target': None, 'cmake_target_skip_unavailable': False, 'install_base': '/home/lj/ne_io_Hik_Camera/install/hikcamera_node', 'merge_install': False, 'path': '/home/lj/ne_io_Hik_Camera/src/hikcamera_node', 'symlink_install': False, 'test_result_base': None}
[1.224s] INFO:colcon.colcon_core.executor:Executing jobs using 'parallel' executor
[1.238s] DEBUG:colcon.colcon_parallel_executor.executor.parallel:run_until_complete
[1.239s] INFO:colcon.colcon_ros.task.ament_cmake.build:Building ROS package in '/home/lj/ne_io_Hik_Camera/src/hikcamera_node' with build type 'ament_cmake'
[1.239s] INFO:colcon.colcon_cmake.task.cmake.build:Building CMake package in '/home/lj/ne_io_Hik_Camera/src/hikcamera_node'
[1.256s] INFO:colcon.colcon_core.plugin_system:Skipping extension 'colcon_core.shell.bat': Not used on non-Windows systems
[1.256s] INFO:colcon.colcon_core.shell:Skip shell extension 'powershell' for command environment: Not usable outside of PowerShell
[1.256s] DEBUG:colcon.colcon_core.shell:Skip shell extension 'dsv' for command environment
[1.301s] DEBUG:colcon.colcon_core.event_handler.log_command:Invoking command in '/home/lj/ne_io_Hik_Camera/build/hikcamera_node': CMAKE_PREFIX_PATH=/opt/ros/humble /usr/bin/cmake --build /home/lj/ne_io_Hik_Camera/build/hikcamera_node -- -j4 -l4
[9.372s] DEBUG:colcon.colcon_core.event_handler.log_command:Invoked command in '/home/lj/ne_io_Hik_Camera/build/hikcamera_node' returned '0': CMAKE_PREFIX_PATH=/opt/ros/humble /usr/bin/cmake --build /home/lj/ne_io_Hik_Camera/build/hikcamera_node -- -j4 -l4
[9.446s] DEBUG:colcon.colcon_core.event_handler.log_command:Invoking command in '/home/lj/ne_io_Hik_Camera/build/hikcamera_node': CMAKE_PREFIX_PATH=/opt/ros/humble /usr/bin/cmake --install /home/lj/ne_io_Hik_Camera/build/hikcamera_node
[9.462s] Level 1:colcon.colcon_core.environment:create_environment_scripts_only(hikcamera_node)
[9.463s] DEBUG:colcon.colcon_core.event_handler.log_command:Invoked command in '/home/lj/ne_io_Hik_Camera/build/hikcamera_node' returned '0': CMAKE_PREFIX_PATH=/opt/ros/humble /usr/bin/cmake --install /home/lj/ne_io_Hik_Camera/build/hikcamera_node
[9.481s] Level 1:colcon.colcon_core.environment:checking '/home/lj/ne_io_Hik_Camera/install/hikcamera_node' for CMake module files
[9.481s] Level 1:colcon.colcon_core.environment:checking '/home/lj/ne_io_Hik_Camera/install/hikcamera_node' for CMake config files
[9.482s] Level 1:colcon.colcon_core.shell:create_environment_hook('hikcamera_node', 'cmake_prefix_path')
[9.495s] INFO:colcon.colcon_core.shell:Creating environment hook '/home/lj/ne_io_Hik_Camera/install/hikcamera_node/share/hikcamera_node/hook/cmake_prefix_path.ps1'
[9.497s] INFO:colcon.colcon_core.shell:Creating environment descriptor '/home/lj/ne_io_Hik_Camera/install/hikcamera_node/share/hikcamera_node/hook/cmake_prefix_path.dsv'
[9.499s] INFO:colcon.colcon_core.shell:Creating environment hook '/home/lj/ne_io_Hik_Camera/install/hikcamera_node/share/hikcamera_node/hook/cmake_prefix_path.sh'
[9.501s] Level 1:colcon.colcon_core.environment:checking '/home/lj/ne_io_Hik_Camera/install/hikcamera_node/lib'
[9.501s] Level 1:colcon.colcon_core.environment:checking '/home/lj/ne_io_Hik_Camera/install/hikcamera_node/bin'
[9.501s] Level 1:colcon.colcon_core.environment:checking '/home/lj/ne_io_Hik_Camera/install/hikcamera_node/lib/pkgconfig/hikcamera_node.pc'
[9.501s] Level 1:colcon.colcon_core.environment:checking '/home/lj/ne_io_Hik_Camera/install/hikcamera_node/lib/python3.10/site-packages'
[9.501s] Level 1:colcon.colcon_core.environment:checking '/home/lj/ne_io_Hik_Camera/install/hikcamera_node/bin'
[9.517s] INFO:colcon.colcon_core.shell:Creating package script '/home/lj/ne_io_Hik_Camera/install/hikcamera_node/share/hikcamera_node/package.ps1'
[9.519s] INFO:colcon.colcon_core.shell:Creating package descriptor '/home/lj/ne_io_Hik_Camera/install/hikcamera_node/share/hikcamera_node/package.dsv'
[9.520s] INFO:colcon.colcon_core.shell:Creating package script '/home/lj/ne_io_Hik_Camera/install/hikcamera_node/share/hikcamera_node/package.sh'
[9.521s] INFO:colcon.colcon_core.shell:Creating package script '/home/lj/ne_io_Hik_Camera/install/hikcamera_node/share/hikcamera_node/package.bash'
[9.522s] INFO:colcon.colcon_core.shell:Creating package script '/home/lj/ne_io_Hik_Camera/install/hikcamera_node/share/hikcamera_node/package.zsh'
[9.522s] Level 1:colcon.colcon_core.environment:create_file_with_runtime_dependencies(/home/lj/ne_io_Hik_Camera/install/hikcamera_node/share/colcon-core/packages/hikcamera_node)
[9.597s] Level 1:colcon.colcon_core.environment:create_environment_scripts_only(hikcamera_node)
[9.615s] Level 1:colcon.colcon_core.environment:checking '/home/lj/ne_io_Hik_Camera/install/hikcamera_node' for CMake module files
[9.615s] Level 1:colcon.colcon_core.environment:checking '/home/lj/ne_io_Hik_Camera/install/hikcamera_node' for CMake config files
[9.615s] Level 1:colcon.colcon_core.shell:create_environment_hook('hikcamera_node', 'cmake_prefix_path')
[9.633s] INFO:colcon.colcon_core.shell:Creating environment hook '/home/lj/ne_io_Hik_Camera/install/hikcamera_node/share/hikcamera_node/hook/cmake_prefix_path.ps1'
[9.633s] INFO:colcon.colcon_core.shell:Creating environment descriptor '/home/lj/ne_io_Hik_Camera/install/hikcamera_node/share/hikcamera_node/hook/cmake_prefix_path.dsv'
[9.634s] INFO:colcon.colcon_core.shell:Creating environment hook '/home/lj/ne_io_Hik_Camera/install/hikcamera_node/share/hikcamera_node/hook/cmake_prefix_path.sh'
[9.634s] Level 1:colcon.colcon_core.environment:checking '/home/lj/ne_io_Hik_Camera/install/hikcamera_node/lib'
[9.634s] Level 1:colcon.colcon_core.environment:checking '/home/lj/ne_io_Hik_Camera/install/hikcamera_node/bin'
[9.634s] Level 1:colcon.colcon_core.environment:checking '/home/lj/ne_io_Hik_Camera/install/hikcamera_node/lib/pkgconfig/hikcamera_node.pc'
[9.635s] Level 1:colcon.colcon_core.environment:checking '/home/lj/ne_io_Hik_Camera/install/hikcamera_node/lib/python3.10/site-packages'
[9.635s] Level 1:colcon.colcon_core.environment:checking '/home/lj/ne_io_Hik_Camera/install/hikcamera_node/bin'
[9.649s] INFO:colcon.colcon_core.shell:Creating package script '/home/lj/ne_io_Hik_Camera/install/hikcamera_node/share/hikcamera_node/package.ps1'
[9.650s] INFO:colcon.colcon_core.shell:Creating package descriptor '/home/lj/ne_io_Hik_Camera/install/hikcamera_node/share/hikcamera_node/package.dsv'
[9.651s] INFO:colcon.colcon_core.shell:Creating package script '/home/lj/ne_io_Hik_Camera/install/hikcamera_node/share/hikcamera_node/package.sh'
[9.651s] INFO:colcon.colcon_core.shell:Creating package script '/home/lj/ne_io_Hik_Camera/install/hikcamera_node/share/hikcamera_node/package.bash'
[9.652s] INFO:colcon.colcon_core.shell:Creating package script '/home/lj/ne_io_Hik_Camera/install/hikcamera_node/share/hikcamera_node/package.zsh'
[9.652s] Level 1:colcon.colcon_core.environment:create_file_with_runtime_dependencies(/home/lj/ne_io_Hik_Camera/install/hikcamera_node/share/colcon-core/packages/hikcamera_node)
[9.653s] DEBUG:colcon.colcon_parallel_executor.executor.parallel:closing loop
[9.655s] DEBUG:colcon.colcon_parallel_executor.executor.parallel:loop closed
[9.655s] DEBUG:colcon.colcon_parallel_executor.executor.parallel:run_until_complete finished with '0'
[9.655s] DEBUG:colcon.colcon_core.event_reactor:joining thread
[9.677s] INFO:colcon.colcon_core.plugin_system:Skipping extension 'colcon_notification.desktop_notification.terminal_notifier': Not used on non-Darwin systems
[9.677s] INFO:colcon.colcon_core.plugin_system:Skipping extension 'colcon_notification.desktop_notification.win32': Not used on non-Windows systems
[9.677s] INFO:colcon.colcon_notification.desktop_notification:Sending desktop notification using 'notify2'
[9.696s] DEBUG:colcon.colcon_core.event_reactor:joined thread
[9.720s] INFO:colcon.colcon_core.shell:Creating prefix script '/home/lj/ne_io_Hik_Camera/install/local_setup.ps1'
[9.721s] INFO:colcon.colcon_core.shell:Creating prefix util module '/home/lj/ne_io_Hik_Camera/install/_local_setup_util_ps1.py'
[9.724s] INFO:colcon.colcon_core.shell:Creating prefix chain script '/home/lj/ne_io_Hik_Camera/install/setup.ps1'
[9.740s] INFO:colcon.colcon_core.shell:Creating prefix script '/home/lj/ne_io_Hik_Camera/install/local_setup.sh'
[9.741s] INFO:colcon.colcon_core.shell:Creating prefix util module '/home/lj/ne_io_Hik_Camera/install/_local_setup_util_sh.py'
[9.742s] INFO:colcon.colcon_core.shell:Creating prefix chain script '/home/lj/ne_io_Hik_Camera/install/setup.sh'
[9.764s] INFO:colcon.colcon_core.shell:Creating prefix script '/home/lj/ne_io_Hik_Camera/install/local_setup.bash'
[9.764s] INFO:colcon.colcon_core.shell:Creating prefix chain script '/home/lj/ne_io_Hik_Camera/install/setup.bash'
[9.781s] INFO:colcon.colcon_core.shell:Creating prefix script '/home/lj/ne_io_Hik_Camera/install/local_setup.zsh'
[9.782s] INFO:colcon.colcon_core.shell:Creating prefix chain script '/home/lj/ne_io_Hik_Camera/install/setup.zsh'
