[3.569s] DEBUG:colcon:Command line arguments: ['/usr/bin/colcon', 'build']
[3.569s] DEBUG:colcon:Parsed command line arguments: Namespace(log_base=None, log_level=None, verb_name='build', build_base='build', install_base='install', merge_install=False, symlink_install=False, test_result_base=None, continue_on_error=False, executor='parallel', parallel_workers=4, event_handlers=None, ignore_user_meta=False, metas=['./colcon.meta'], base_paths=['.'], packages_ignore=None, packages_ignore_regex=None, paths=None, packages_up_to=None, packages_up_to_regex=None, packages_above=None, packages_above_and_dependencies=None, packages_above_depth=None, packages_select_by_dep=None, packages_skip_by_dep=None, packages_skip_up_to=None, packages_select_build_failed=False, packages_skip_build_finished=False, packages_select_test_failures=False, packages_skip_test_passed=False, packages_select=None, packages_skip=None, packages_select_regex=None, packages_skip_regex=None, packages_start=None, packages_end=None, allow_overriding=[], cmake_args=None, cmake_target=None, cmake_target_skip_unavailable=False, cmake_clean_cache=False, cmake_clean_first=False, cmake_force_configure=False, ament_cmake_args=None, catkin_cmake_args=None, catkin_skip_building_tests=False, verb_parser=<colcon_defaults.argument_parser.defaults.DefaultArgumentsDecorator object at 0x7fd6729a3a90>, verb_extension=<colcon_core.verb.build.BuildVerb object at 0x7fd6729a00a0>, main=<bound method BuildVerb.main of <colcon_core.verb.build.BuildVerb object at 0x7fd6729a00a0>>)
[3.857s] Level 1:colcon.colcon_core.package_discovery:discover_packages(colcon_meta) check parameters
[3.857s] Level 1:colcon.colcon_core.package_discovery:discover_packages(recursive) check parameters
[3.858s] Level 1:colcon.colcon_core.package_discovery:discover_packages(ignore) check parameters
[3.858s] Level 1:colcon.colcon_core.package_discovery:discover_packages(path) check parameters
[3.858s] Level 1:colcon.colcon_core.package_discovery:discover_packages(colcon_meta) discover
[3.858s] Level 1:colcon.colcon_core.package_discovery:discover_packages(recursive) discover
[3.858s] INFO:colcon.colcon_core.package_discovery:Crawling recursively for packages in '/home/lj/ne_io_Hik_Camera'
[3.858s] Level 1:colcon.colcon_core.package_identification:_identify(.) by extensions ['ignore', 'ignore_ament_install']
[3.859s] Level 1:colcon.colcon_core.package_identification:_identify(.) by extension 'ignore'
[3.859s] Level 1:colcon.colcon_core.package_identification:_identify(.) by extension 'ignore_ament_install'
[3.859s] Level 1:colcon.colcon_core.package_identification:_identify(.) by extensions ['colcon_pkg']
[3.859s] Level 1:colcon.colcon_core.package_identification:_identify(.) by extension 'colcon_pkg'
[3.860s] Level 1:colcon.colcon_core.package_identification:_identify(.) by extensions ['colcon_meta']
[3.860s] Level 1:colcon.colcon_core.package_identification:_identify(.) by extension 'colcon_meta'
[3.860s] Level 1:colcon.colcon_core.package_identification:_identify(.) by extensions ['ros']
[3.860s] Level 1:colcon.colcon_core.package_identification:_identify(.) by extension 'ros'
[3.921s] Level 1:colcon.colcon_core.package_identification:_identify(.) by extensions ['cmake', 'python']
[3.922s] Level 1:colcon.colcon_core.package_identification:_identify(.) by extension 'cmake'
[3.922s] Level 1:colcon.colcon_core.package_identification:_identify(.) by extension 'python'
[3.922s] Level 1:colcon.colcon_core.package_identification:_identify(.) by extensions ['python_setup_py']
[3.922s] Level 1:colcon.colcon_core.package_identification:_identify(.) by extension 'python_setup_py'
[3.923s] Level 1:colcon.colcon_core.package_identification:_identify(build) by extensions ['ignore', 'ignore_ament_install']
[3.923s] Level 1:colcon.colcon_core.package_identification:_identify(build) by extension 'ignore'
[3.923s] Level 1:colcon.colcon_core.package_identification:_identify(build) ignored
[3.923s] Level 1:colcon.colcon_core.package_identification:_identify(install) by extensions ['ignore', 'ignore_ament_install']
[3.924s] Level 1:colcon.colcon_core.package_identification:_identify(install) by extension 'ignore'
[3.924s] Level 1:colcon.colcon_core.package_identification:_identify(install) ignored
[3.924s] Level 1:colcon.colcon_core.package_identification:_identify(log) by extensions ['ignore', 'ignore_ament_install']
[3.925s] Level 1:colcon.colcon_core.package_identification:_identify(log) by extension 'ignore'
[3.925s] Level 1:colcon.colcon_core.package_identification:_identify(log) ignored
[3.925s] Level 1:colcon.colcon_core.package_identification:_identify(src) by extensions ['ignore', 'ignore_ament_install']
[3.925s] Level 1:colcon.colcon_core.package_identification:_identify(src) by extension 'ignore'
[3.926s] Level 1:colcon.colcon_core.package_identification:_identify(src) by extension 'ignore_ament_install'
[3.926s] Level 1:colcon.colcon_core.package_identification:_identify(src) by extensions ['colcon_pkg']
[3.926s] Level 1:colcon.colcon_core.package_identification:_identify(src) by extension 'colcon_pkg'
[3.926s] Level 1:colcon.colcon_core.package_identification:_identify(src) by extensions ['colcon_meta']
[3.926s] Level 1:colcon.colcon_core.package_identification:_identify(src) by extension 'colcon_meta'
[3.926s] Level 1:colcon.colcon_core.package_identification:_identify(src) by extensions ['ros']
[3.927s] Level 1:colcon.colcon_core.package_identification:_identify(src) by extension 'ros'
[3.927s] Level 1:colcon.colcon_core.package_identification:_identify(src) by extensions ['cmake', 'python']
[3.927s] Level 1:colcon.colcon_core.package_identification:_identify(src) by extension 'cmake'
[3.927s] Level 1:colcon.colcon_core.package_identification:_identify(src) by extension 'python'
[3.927s] Level 1:colcon.colcon_core.package_identification:_identify(src) by extensions ['python_setup_py']
[3.927s] Level 1:colcon.colcon_core.package_identification:_identify(src) by extension 'python_setup_py'
[3.928s] Level 1:colcon.colcon_core.package_identification:_identify(src/hikcamera_node) by extensions ['ignore', 'ignore_ament_install']
[3.928s] Level 1:colcon.colcon_core.package_identification:_identify(src/hikcamera_node) by extension 'ignore'
[3.929s] Level 1:colcon.colcon_core.package_identification:_identify(src/hikcamera_node) by extension 'ignore_ament_install'
[3.929s] Level 1:colcon.colcon_core.package_identification:_identify(src/hikcamera_node) by extensions ['colcon_pkg']
[3.929s] Level 1:colcon.colcon_core.package_identification:_identify(src/hikcamera_node) by extension 'colcon_pkg'
[3.929s] Level 1:colcon.colcon_core.package_identification:_identify(src/hikcamera_node) by extensions ['colcon_meta']
[3.929s] Level 1:colcon.colcon_core.package_identification:_identify(src/hikcamera_node) by extension 'colcon_meta'
[3.929s] Level 1:colcon.colcon_core.package_identification:_identify(src/hikcamera_node) by extensions ['ros']
[3.929s] Level 1:colcon.colcon_core.package_identification:_identify(src/hikcamera_node) by extension 'ros'
[3.954s] DEBUG:colcon.colcon_core.package_identification:Package 'src/hikcamera_node' with type 'ros.ament_cmake' and name 'hikcamera_node'
[3.954s] Level 1:colcon.colcon_core.package_discovery:discover_packages(recursive) using defaults
[3.955s] Level 1:colcon.colcon_core.package_discovery:discover_packages(ignore) discover
[3.955s] Level 1:colcon.colcon_core.package_discovery:discover_packages(ignore) using defaults
[3.955s] Level 1:colcon.colcon_core.package_discovery:discover_packages(path) discover
[3.955s] Level 1:colcon.colcon_core.package_discovery:discover_packages(path) using defaults
[4.450s] Level 1:colcon.colcon_core.package_discovery:discover_packages(prefix_path) check parameters
[4.450s] Level 1:colcon.colcon_core.package_discovery:discover_packages(prefix_path) discover
[4.561s] DEBUG:colcon.colcon_installed_package_information.package_discovery:Found 272 installed packages in /opt/ros/humble
[4.566s] Level 1:colcon.colcon_core.package_discovery:discover_packages(prefix_path) using defaults
[4.897s] Level 5:colcon.colcon_core.verb:set package 'hikcamera_node' build argument 'cmake_args' from command line to 'None'
[4.897s] Level 5:colcon.colcon_core.verb:set package 'hikcamera_node' build argument 'cmake_target' from command line to 'None'
[4.897s] Level 5:colcon.colcon_core.verb:set package 'hikcamera_node' build argument 'cmake_target_skip_unavailable' from command line to 'False'
[4.897s] Level 5:colcon.colcon_core.verb:set package 'hikcamera_node' build argument 'cmake_clean_cache' from command line to 'False'
[4.898s] Level 5:colcon.colcon_core.verb:set package 'hikcamera_node' build argument 'cmake_clean_first' from command line to 'False'
[4.898s] Level 5:colcon.colcon_core.verb:set package 'hikcamera_node' build argument 'cmake_force_configure' from command line to 'False'
[4.898s] Level 5:colcon.colcon_core.verb:set package 'hikcamera_node' build argument 'ament_cmake_args' from command line to 'None'
[4.898s] Level 5:colcon.colcon_core.verb:set package 'hikcamera_node' build argument 'catkin_cmake_args' from command line to 'None'
[4.898s] Level 5:colcon.colcon_core.verb:set package 'hikcamera_node' build argument 'catkin_skip_building_tests' from command line to 'False'
[4.898s] DEBUG:colcon.colcon_core.verb:Building package 'hikcamera_node' with the following arguments: {'ament_cmake_args': None, 'build_base': '/home/lj/ne_io_Hik_Camera/build/hikcamera_node', 'catkin_cmake_args': None, 'catkin_skip_building_tests': False, 'cmake_args': None, 'cmake_clean_cache': False, 'cmake_clean_first': False, 'cmake_force_configure': False, 'cmake_target': None, 'cmake_target_skip_unavailable': False, 'install_base': '/home/lj/ne_io_Hik_Camera/install/hikcamera_node', 'merge_install': False, 'path': '/home/lj/ne_io_Hik_Camera/src/hikcamera_node', 'symlink_install': False, 'test_result_base': None}
[4.928s] INFO:colcon.colcon_core.executor:Executing jobs using 'parallel' executor
[4.957s] DEBUG:colcon.colcon_parallel_executor.executor.parallel:run_until_complete
[4.957s] INFO:colcon.colcon_ros.task.ament_cmake.build:Building ROS package in '/home/lj/ne_io_Hik_Camera/src/hikcamera_node' with build type 'ament_cmake'
[4.957s] INFO:colcon.colcon_cmake.task.cmake.build:Building CMake package in '/home/lj/ne_io_Hik_Camera/src/hikcamera_node'
[5.019s] INFO:colcon.colcon_core.plugin_system:Skipping extension 'colcon_core.shell.bat': Not used on non-Windows systems
[5.019s] INFO:colcon.colcon_core.shell:Skip shell extension 'powershell' for command environment: Not usable outside of PowerShell
[5.019s] DEBUG:colcon.colcon_core.shell:Skip shell extension 'dsv' for command environment
[5.101s] DEBUG:colcon.colcon_core.event_handler.log_command:Invoking command in '/home/lj/ne_io_Hik_Camera/build/hikcamera_node': CMAKE_PREFIX_PATH=/opt/ros/humble /usr/bin/cmake /home/lj/ne_io_Hik_Camera/src/hikcamera_node -DCMAKE_INSTALL_PREFIX=/home/lj/ne_io_Hik_Camera/install/hikcamera_node
[8.064s] DEBUG:colcon.colcon_core.event_handler.log_command:Invoked command in '/home/lj/ne_io_Hik_Camera/build/hikcamera_node' returned '1': CMAKE_PREFIX_PATH=/opt/ros/humble /usr/bin/cmake /home/lj/ne_io_Hik_Camera/src/hikcamera_node -DCMAKE_INSTALL_PREFIX=/home/lj/ne_io_Hik_Camera/install/hikcamera_node
[8.181s] Level 1:colcon.colcon_core.environment:create_environment_scripts_only(hikcamera_node)
[8.357s] Level 1:colcon.colcon_core.environment:checking '/home/lj/ne_io_Hik_Camera/install/hikcamera_node' for CMake module files
[8.358s] Level 1:colcon.colcon_core.environment:checking '/home/lj/ne_io_Hik_Camera/install/hikcamera_node' for CMake config files
[8.359s] Level 1:colcon.colcon_core.environment:checking '/home/lj/ne_io_Hik_Camera/install/hikcamera_node/bin'
[8.359s] Level 1:colcon.colcon_core.environment:checking '/home/lj/ne_io_Hik_Camera/install/hikcamera_node/lib/pkgconfig/hikcamera_node.pc'
[8.360s] Level 1:colcon.colcon_core.environment:checking '/home/lj/ne_io_Hik_Camera/install/hikcamera_node/lib/python3.10/site-packages'
[8.361s] Level 1:colcon.colcon_core.environment:checking '/home/lj/ne_io_Hik_Camera/install/hikcamera_node/bin'
[8.404s] INFO:colcon.colcon_core.shell:Creating package script '/home/lj/ne_io_Hik_Camera/install/hikcamera_node/share/hikcamera_node/package.ps1'
[8.408s] INFO:colcon.colcon_core.shell:Creating package descriptor '/home/lj/ne_io_Hik_Camera/install/hikcamera_node/share/hikcamera_node/package.dsv'
[8.410s] INFO:colcon.colcon_core.shell:Creating package script '/home/lj/ne_io_Hik_Camera/install/hikcamera_node/share/hikcamera_node/package.sh'
[8.414s] INFO:colcon.colcon_core.shell:Creating package script '/home/lj/ne_io_Hik_Camera/install/hikcamera_node/share/hikcamera_node/package.bash'
[8.417s] INFO:colcon.colcon_core.shell:Creating package script '/home/lj/ne_io_Hik_Camera/install/hikcamera_node/share/hikcamera_node/package.zsh'
[8.422s] Level 1:colcon.colcon_core.environment:create_file_with_runtime_dependencies(/home/lj/ne_io_Hik_Camera/install/hikcamera_node/share/colcon-core/packages/hikcamera_node)
[8.435s] DEBUG:colcon.colcon_parallel_executor.executor.parallel:closing loop
[8.435s] DEBUG:colcon.colcon_parallel_executor.executor.parallel:loop closed
[8.435s] DEBUG:colcon.colcon_parallel_executor.executor.parallel:run_until_complete finished with '1'
[8.436s] DEBUG:colcon.colcon_core.event_reactor:joining thread
[8.498s] INFO:colcon.colcon_core.plugin_system:Skipping extension 'colcon_notification.desktop_notification.terminal_notifier': Not used on non-Darwin systems
[8.499s] INFO:colcon.colcon_core.plugin_system:Skipping extension 'colcon_notification.desktop_notification.win32': Not used on non-Windows systems
[8.499s] INFO:colcon.colcon_notification.desktop_notification:Sending desktop notification using 'notify2'
[8.556s] DEBUG:colcon.colcon_core.event_reactor:joined thread
[8.609s] INFO:colcon.colcon_core.shell:Creating prefix script '/home/lj/ne_io_Hik_Camera/install/local_setup.ps1'
[8.615s] INFO:colcon.colcon_core.shell:Creating prefix util module '/home/lj/ne_io_Hik_Camera/install/_local_setup_util_ps1.py'
[8.622s] INFO:colcon.colcon_core.shell:Creating prefix chain script '/home/lj/ne_io_Hik_Camera/install/setup.ps1'
[8.675s] INFO:colcon.colcon_core.shell:Creating prefix script '/home/lj/ne_io_Hik_Camera/install/local_setup.sh'
[8.678s] INFO:colcon.colcon_core.shell:Creating prefix util module '/home/lj/ne_io_Hik_Camera/install/_local_setup_util_sh.py'
[8.679s] INFO:colcon.colcon_core.shell:Creating prefix chain script '/home/lj/ne_io_Hik_Camera/install/setup.sh'
[8.726s] INFO:colcon.colcon_core.shell:Creating prefix script '/home/lj/ne_io_Hik_Camera/install/local_setup.bash'
[8.730s] INFO:colcon.colcon_core.shell:Creating prefix chain script '/home/lj/ne_io_Hik_Camera/install/setup.bash'
[8.796s] INFO:colcon.colcon_core.shell:Creating prefix script '/home/lj/ne_io_Hik_Camera/install/local_setup.zsh'
[8.799s] INFO:colcon.colcon_core.shell:Creating prefix chain script '/home/lj/ne_io_Hik_Camera/install/setup.zsh'
