[0.959s] DEBUG:colcon:Command line arguments: ['/usr/bin/colcon', 'build']
[0.960s] DEBUG:colcon:Parsed command line arguments: Namespace(log_base=None, log_level=None, verb_name='build', build_base='build', install_base='install', merge_install=False, symlink_install=False, test_result_base=None, continue_on_error=False, executor='parallel', parallel_workers=4, event_handlers=None, ignore_user_meta=False, metas=['./colcon.meta'], base_paths=['.'], packages_ignore=None, packages_ignore_regex=None, paths=None, packages_up_to=None, packages_up_to_regex=None, packages_above=None, packages_above_and_dependencies=None, packages_above_depth=None, packages_select_by_dep=None, packages_skip_by_dep=None, packages_skip_up_to=None, packages_select_build_failed=False, packages_skip_build_finished=False, packages_select_test_failures=False, packages_skip_test_passed=False, packages_select=None, packages_skip=None, packages_select_regex=None, packages_skip_regex=None, packages_start=None, packages_end=None, allow_overriding=[], cmake_args=None, cmake_target=None, cmake_target_skip_unavailable=False, cmake_clean_cache=False, cmake_clean_first=False, cmake_force_configure=False, ament_cmake_args=None, catkin_cmake_args=None, catkin_skip_building_tests=False, verb_parser=<colcon_defaults.argument_parser.defaults.DefaultArgumentsDecorator object at 0x7e137a4bf5b0>, verb_extension=<colcon_core.verb.build.BuildVerb object at 0x7e137a4bc9d0>, main=<bound method BuildVerb.main of <colcon_core.verb.build.BuildVerb object at 0x7e137a4bc9d0>>)
[1.005s] Level 1:colcon.colcon_core.package_discovery:discover_packages(colcon_meta) check parameters
[1.005s] Level 1:colcon.colcon_core.package_discovery:discover_packages(recursive) check parameters
[1.005s] Level 1:colcon.colcon_core.package_discovery:discover_packages(ignore) check parameters
[1.005s] Level 1:colcon.colcon_core.package_discovery:discover_packages(path) check parameters
[1.005s] Level 1:colcon.colcon_core.package_discovery:discover_packages(colcon_meta) discover
[1.005s] Level 1:colcon.colcon_core.package_discovery:discover_packages(recursive) discover
[1.005s] INFO:colcon.colcon_core.package_discovery:Crawling recursively for packages in '/home/lj/ne_io_Hik_Camera'
[1.005s] Level 1:colcon.colcon_core.package_identification:_identify(.) by extensions ['ignore', 'ignore_ament_install']
[1.005s] Level 1:colcon.colcon_core.package_identification:_identify(.) by extension 'ignore'
[1.005s] Level 1:colcon.colcon_core.package_identification:_identify(.) by extension 'ignore_ament_install'
[1.006s] Level 1:colcon.colcon_core.package_identification:_identify(.) by extensions ['colcon_pkg']
[1.006s] Level 1:colcon.colcon_core.package_identification:_identify(.) by extension 'colcon_pkg'
[1.006s] Level 1:colcon.colcon_core.package_identification:_identify(.) by extensions ['colcon_meta']
[1.006s] Level 1:colcon.colcon_core.package_identification:_identify(.) by extension 'colcon_meta'
[1.006s] Level 1:colcon.colcon_core.package_identification:_identify(.) by extensions ['ros']
[1.006s] Level 1:colcon.colcon_core.package_identification:_identify(.) by extension 'ros'
[1.017s] Level 1:colcon.colcon_core.package_identification:_identify(.) by extensions ['cmake', 'python']
[1.017s] Level 1:colcon.colcon_core.package_identification:_identify(.) by extension 'cmake'
[1.017s] Level 1:colcon.colcon_core.package_identification:_identify(.) by extension 'python'
[1.017s] Level 1:colcon.colcon_core.package_identification:_identify(.) by extensions ['python_setup_py']
[1.017s] Level 1:colcon.colcon_core.package_identification:_identify(.) by extension 'python_setup_py'
[1.017s] Level 1:colcon.colcon_core.package_identification:_identify(build) by extensions ['ignore', 'ignore_ament_install']
[1.017s] Level 1:colcon.colcon_core.package_identification:_identify(build) by extension 'ignore'
[1.017s] Level 1:colcon.colcon_core.package_identification:_identify(build) ignored
[1.017s] Level 1:colcon.colcon_core.package_identification:_identify(install) by extensions ['ignore', 'ignore_ament_install']
[1.018s] Level 1:colcon.colcon_core.package_identification:_identify(install) by extension 'ignore'
[1.018s] Level 1:colcon.colcon_core.package_identification:_identify(install) ignored
[1.018s] Level 1:colcon.colcon_core.package_identification:_identify(log) by extensions ['ignore', 'ignore_ament_install']
[1.018s] Level 1:colcon.colcon_core.package_identification:_identify(log) by extension 'ignore'
[1.018s] Level 1:colcon.colcon_core.package_identification:_identify(log) ignored
[1.018s] Level 1:colcon.colcon_core.package_identification:_identify(src) by extensions ['ignore', 'ignore_ament_install']
[1.018s] Level 1:colcon.colcon_core.package_identification:_identify(src) by extension 'ignore'
[1.018s] Level 1:colcon.colcon_core.package_identification:_identify(src) by extension 'ignore_ament_install'
[1.018s] Level 1:colcon.colcon_core.package_identification:_identify(src) by extensions ['colcon_pkg']
[1.018s] Level 1:colcon.colcon_core.package_identification:_identify(src) by extension 'colcon_pkg'
[1.018s] Level 1:colcon.colcon_core.package_identification:_identify(src) by extensions ['colcon_meta']
[1.018s] Level 1:colcon.colcon_core.package_identification:_identify(src) by extension 'colcon_meta'
[1.018s] Level 1:colcon.colcon_core.package_identification:_identify(src) by extensions ['ros']
[1.018s] Level 1:colcon.colcon_core.package_identification:_identify(src) by extension 'ros'
[1.018s] Level 1:colcon.colcon_core.package_identification:_identify(src) by extensions ['cmake', 'python']
[1.018s] Level 1:colcon.colcon_core.package_identification:_identify(src) by extension 'cmake'
[1.019s] Level 1:colcon.colcon_core.package_identification:_identify(src) by extension 'python'
[1.019s] Level 1:colcon.colcon_core.package_identification:_identify(src) by extensions ['python_setup_py']
[1.019s] Level 1:colcon.colcon_core.package_identification:_identify(src) by extension 'python_setup_py'
[1.019s] Level 1:colcon.colcon_core.package_identification:_identify(src/hikcamera_node) by extensions ['ignore', 'ignore_ament_install']
[1.019s] Level 1:colcon.colcon_core.package_identification:_identify(src/hikcamera_node) by extension 'ignore'
[1.019s] Level 1:colcon.colcon_core.package_identification:_identify(src/hikcamera_node) by extension 'ignore_ament_install'
[1.019s] Level 1:colcon.colcon_core.package_identification:_identify(src/hikcamera_node) by extensions ['colcon_pkg']
[1.019s] Level 1:colcon.colcon_core.package_identification:_identify(src/hikcamera_node) by extension 'colcon_pkg'
[1.019s] Level 1:colcon.colcon_core.package_identification:_identify(src/hikcamera_node) by extensions ['colcon_meta']
[1.019s] Level 1:colcon.colcon_core.package_identification:_identify(src/hikcamera_node) by extension 'colcon_meta'
[1.019s] Level 1:colcon.colcon_core.package_identification:_identify(src/hikcamera_node) by extensions ['ros']
[1.019s] Level 1:colcon.colcon_core.package_identification:_identify(src/hikcamera_node) by extension 'ros'
[1.024s] DEBUG:colcon.colcon_core.package_identification:Package 'src/hikcamera_node' with type 'ros.ament_cmake' and name 'hikcamera_node'
[1.024s] Level 1:colcon.colcon_core.package_discovery:discover_packages(recursive) using defaults
[1.024s] Level 1:colcon.colcon_core.package_discovery:discover_packages(ignore) discover
[1.024s] Level 1:colcon.colcon_core.package_discovery:discover_packages(ignore) using defaults
[1.024s] Level 1:colcon.colcon_core.package_discovery:discover_packages(path) discover
[1.024s] Level 1:colcon.colcon_core.package_discovery:discover_packages(path) using defaults
[1.113s] Level 1:colcon.colcon_core.package_discovery:discover_packages(prefix_path) check parameters
[1.113s] Level 1:colcon.colcon_core.package_discovery:discover_packages(prefix_path) discover
[1.142s] DEBUG:colcon.colcon_installed_package_information.package_discovery:Found 272 installed packages in /opt/ros/humble
[1.143s] Level 1:colcon.colcon_core.package_discovery:discover_packages(prefix_path) using defaults
[1.243s] Level 5:colcon.colcon_core.verb:set package 'hikcamera_node' build argument 'cmake_args' from command line to 'None'
[1.243s] Level 5:colcon.colcon_core.verb:set package 'hikcamera_node' build argument 'cmake_target' from command line to 'None'
[1.243s] Level 5:colcon.colcon_core.verb:set package 'hikcamera_node' build argument 'cmake_target_skip_unavailable' from command line to 'False'
[1.243s] Level 5:colcon.colcon_core.verb:set package 'hikcamera_node' build argument 'cmake_clean_cache' from command line to 'False'
[1.243s] Level 5:colcon.colcon_core.verb:set package 'hikcamera_node' build argument 'cmake_clean_first' from command line to 'False'
[1.243s] Level 5:colcon.colcon_core.verb:set package 'hikcamera_node' build argument 'cmake_force_configure' from command line to 'False'
[1.243s] Level 5:colcon.colcon_core.verb:set package 'hikcamera_node' build argument 'ament_cmake_args' from command line to 'None'
[1.243s] Level 5:colcon.colcon_core.verb:set package 'hikcamera_node' build argument 'catkin_cmake_args' from command line to 'None'
[1.243s] Level 5:colcon.colcon_core.verb:set package 'hikcamera_node' build argument 'catkin_skip_building_tests' from command line to 'False'
[1.244s] DEBUG:colcon.colcon_core.verb:Building package 'hikcamera_node' with the following arguments: {'ament_cmake_args': None, 'build_base': '/home/lj/ne_io_Hik_Camera/build/hikcamera_node', 'catkin_cmake_args': None, 'catkin_skip_building_tests': False, 'cmake_args': None, 'cmake_clean_cache': False, 'cmake_clean_first': False, 'cmake_force_configure': False, 'cmake_target': None, 'cmake_target_skip_unavailable': False, 'install_base': '/home/lj/ne_io_Hik_Camera/install/hikcamera_node', 'merge_install': False, 'path': '/home/lj/ne_io_Hik_Camera/src/hikcamera_node', 'symlink_install': False, 'test_result_base': None}
[1.258s] INFO:colcon.colcon_core.executor:Executing jobs using 'parallel' executor
[1.272s] DEBUG:colcon.colcon_parallel_executor.executor.parallel:run_until_complete
[1.273s] INFO:colcon.colcon_ros.task.ament_cmake.build:Building ROS package in '/home/lj/ne_io_Hik_Camera/src/hikcamera_node' with build type 'ament_cmake'
[1.273s] INFO:colcon.colcon_cmake.task.cmake.build:Building CMake package in '/home/lj/ne_io_Hik_Camera/src/hikcamera_node'
[1.289s] INFO:colcon.colcon_core.plugin_system:Skipping extension 'colcon_core.shell.bat': Not used on non-Windows systems
[1.289s] INFO:colcon.colcon_core.shell:Skip shell extension 'powershell' for command environment: Not usable outside of PowerShell
[1.289s] DEBUG:colcon.colcon_core.shell:Skip shell extension 'dsv' for command environment
[1.333s] DEBUG:colcon.colcon_core.event_handler.log_command:Invoking command in '/home/lj/ne_io_Hik_Camera/build/hikcamera_node': CMAKE_PREFIX_PATH=/opt/ros/humble /usr/bin/cmake --build /home/lj/ne_io_Hik_Camera/build/hikcamera_node -- -j4 -l4
[3.932s] DEBUG:colcon.colcon_core.event_handler.log_command:Invoked command in '/home/lj/ne_io_Hik_Camera/build/hikcamera_node' returned '0': CMAKE_PREFIX_PATH=/opt/ros/humble /usr/bin/cmake --build /home/lj/ne_io_Hik_Camera/build/hikcamera_node -- -j4 -l4
[3.997s] DEBUG:colcon.colcon_core.event_handler.log_command:Invoking command in '/home/lj/ne_io_Hik_Camera/build/hikcamera_node': CMAKE_PREFIX_PATH=/opt/ros/humble /usr/bin/cmake --install /home/lj/ne_io_Hik_Camera/build/hikcamera_node
[4.014s] Level 1:colcon.colcon_core.environment:create_environment_scripts_only(hikcamera_node)
[4.015s] DEBUG:colcon.colcon_core.event_handler.log_command:Invoked command in '/home/lj/ne_io_Hik_Camera/build/hikcamera_node' returned '0': CMAKE_PREFIX_PATH=/opt/ros/humble /usr/bin/cmake --install /home/lj/ne_io_Hik_Camera/build/hikcamera_node
[4.036s] Level 1:colcon.colcon_core.environment:checking '/home/lj/ne_io_Hik_Camera/install/hikcamera_node' for CMake module files
[4.037s] Level 1:colcon.colcon_core.environment:checking '/home/lj/ne_io_Hik_Camera/install/hikcamera_node' for CMake config files
[4.037s] Level 1:colcon.colcon_core.shell:create_environment_hook('hikcamera_node', 'cmake_prefix_path')
[4.052s] INFO:colcon.colcon_core.shell:Creating environment hook '/home/lj/ne_io_Hik_Camera/install/hikcamera_node/share/hikcamera_node/hook/cmake_prefix_path.ps1'
[4.053s] INFO:colcon.colcon_core.shell:Creating environment descriptor '/home/lj/ne_io_Hik_Camera/install/hikcamera_node/share/hikcamera_node/hook/cmake_prefix_path.dsv'
[4.054s] INFO:colcon.colcon_core.shell:Creating environment hook '/home/lj/ne_io_Hik_Camera/install/hikcamera_node/share/hikcamera_node/hook/cmake_prefix_path.sh'
[4.055s] Level 1:colcon.colcon_core.environment:checking '/home/lj/ne_io_Hik_Camera/install/hikcamera_node/lib'
[4.055s] Level 1:colcon.colcon_core.environment:checking '/home/lj/ne_io_Hik_Camera/install/hikcamera_node/bin'
[4.056s] Level 1:colcon.colcon_core.environment:checking '/home/lj/ne_io_Hik_Camera/install/hikcamera_node/lib/pkgconfig/hikcamera_node.pc'
[4.056s] Level 1:colcon.colcon_core.environment:checking '/home/lj/ne_io_Hik_Camera/install/hikcamera_node/lib/python3.10/site-packages'
[4.056s] Level 1:colcon.colcon_core.environment:checking '/home/lj/ne_io_Hik_Camera/install/hikcamera_node/bin'
[4.073s] INFO:colcon.colcon_core.shell:Creating package script '/home/lj/ne_io_Hik_Camera/install/hikcamera_node/share/hikcamera_node/package.ps1'
[4.074s] INFO:colcon.colcon_core.shell:Creating package descriptor '/home/lj/ne_io_Hik_Camera/install/hikcamera_node/share/hikcamera_node/package.dsv'
[4.075s] INFO:colcon.colcon_core.shell:Creating package script '/home/lj/ne_io_Hik_Camera/install/hikcamera_node/share/hikcamera_node/package.sh'
[4.076s] INFO:colcon.colcon_core.shell:Creating package script '/home/lj/ne_io_Hik_Camera/install/hikcamera_node/share/hikcamera_node/package.bash'
[4.077s] INFO:colcon.colcon_core.shell:Creating package script '/home/lj/ne_io_Hik_Camera/install/hikcamera_node/share/hikcamera_node/package.zsh'
[4.078s] Level 1:colcon.colcon_core.environment:create_file_with_runtime_dependencies(/home/lj/ne_io_Hik_Camera/install/hikcamera_node/share/colcon-core/packages/hikcamera_node)
[4.155s] Level 1:colcon.colcon_core.environment:create_environment_scripts_only(hikcamera_node)
[4.169s] Level 1:colcon.colcon_core.environment:checking '/home/lj/ne_io_Hik_Camera/install/hikcamera_node' for CMake module files
[4.170s] Level 1:colcon.colcon_core.environment:checking '/home/lj/ne_io_Hik_Camera/install/hikcamera_node' for CMake config files
[4.170s] Level 1:colcon.colcon_core.shell:create_environment_hook('hikcamera_node', 'cmake_prefix_path')
[4.184s] INFO:colcon.colcon_core.shell:Creating environment hook '/home/lj/ne_io_Hik_Camera/install/hikcamera_node/share/hikcamera_node/hook/cmake_prefix_path.ps1'
[4.185s] INFO:colcon.colcon_core.shell:Creating environment descriptor '/home/lj/ne_io_Hik_Camera/install/hikcamera_node/share/hikcamera_node/hook/cmake_prefix_path.dsv'
[4.185s] INFO:colcon.colcon_core.shell:Creating environment hook '/home/lj/ne_io_Hik_Camera/install/hikcamera_node/share/hikcamera_node/hook/cmake_prefix_path.sh'
[4.186s] Level 1:colcon.colcon_core.environment:checking '/home/lj/ne_io_Hik_Camera/install/hikcamera_node/lib'
[4.186s] Level 1:colcon.colcon_core.environment:checking '/home/lj/ne_io_Hik_Camera/install/hikcamera_node/bin'
[4.186s] Level 1:colcon.colcon_core.environment:checking '/home/lj/ne_io_Hik_Camera/install/hikcamera_node/lib/pkgconfig/hikcamera_node.pc'
[4.186s] Level 1:colcon.colcon_core.environment:checking '/home/lj/ne_io_Hik_Camera/install/hikcamera_node/lib/python3.10/site-packages'
[4.186s] Level 1:colcon.colcon_core.environment:checking '/home/lj/ne_io_Hik_Camera/install/hikcamera_node/bin'
[4.204s] INFO:colcon.colcon_core.shell:Creating package script '/home/lj/ne_io_Hik_Camera/install/hikcamera_node/share/hikcamera_node/package.ps1'
[4.204s] INFO:colcon.colcon_core.shell:Creating package descriptor '/home/lj/ne_io_Hik_Camera/install/hikcamera_node/share/hikcamera_node/package.dsv'
[4.205s] INFO:colcon.colcon_core.shell:Creating package script '/home/lj/ne_io_Hik_Camera/install/hikcamera_node/share/hikcamera_node/package.sh'
[4.205s] INFO:colcon.colcon_core.shell:Creating package script '/home/lj/ne_io_Hik_Camera/install/hikcamera_node/share/hikcamera_node/package.bash'
[4.206s] INFO:colcon.colcon_core.shell:Creating package script '/home/lj/ne_io_Hik_Camera/install/hikcamera_node/share/hikcamera_node/package.zsh'
[4.206s] Level 1:colcon.colcon_core.environment:create_file_with_runtime_dependencies(/home/lj/ne_io_Hik_Camera/install/hikcamera_node/share/colcon-core/packages/hikcamera_node)
[4.207s] DEBUG:colcon.colcon_parallel_executor.executor.parallel:closing loop
[4.207s] DEBUG:colcon.colcon_parallel_executor.executor.parallel:loop closed
[4.208s] DEBUG:colcon.colcon_parallel_executor.executor.parallel:run_until_complete finished with '0'
[4.208s] DEBUG:colcon.colcon_core.event_reactor:joining thread
[4.231s] INFO:colcon.colcon_core.plugin_system:Skipping extension 'colcon_notification.desktop_notification.terminal_notifier': Not used on non-Darwin systems
[4.231s] INFO:colcon.colcon_core.plugin_system:Skipping extension 'colcon_notification.desktop_notification.win32': Not used on non-Windows systems
[4.231s] INFO:colcon.colcon_notification.desktop_notification:Sending desktop notification using 'notify2'
[4.247s] DEBUG:colcon.colcon_core.event_reactor:joined thread
[4.273s] INFO:colcon.colcon_core.shell:Creating prefix script '/home/lj/ne_io_Hik_Camera/install/local_setup.ps1'
[4.275s] INFO:colcon.colcon_core.shell:Creating prefix util module '/home/lj/ne_io_Hik_Camera/install/_local_setup_util_ps1.py'
[4.278s] INFO:colcon.colcon_core.shell:Creating prefix chain script '/home/lj/ne_io_Hik_Camera/install/setup.ps1'
[4.295s] INFO:colcon.colcon_core.shell:Creating prefix script '/home/lj/ne_io_Hik_Camera/install/local_setup.sh'
[4.296s] INFO:colcon.colcon_core.shell:Creating prefix util module '/home/lj/ne_io_Hik_Camera/install/_local_setup_util_sh.py'
[4.298s] INFO:colcon.colcon_core.shell:Creating prefix chain script '/home/lj/ne_io_Hik_Camera/install/setup.sh'
[4.315s] INFO:colcon.colcon_core.shell:Creating prefix script '/home/lj/ne_io_Hik_Camera/install/local_setup.bash'
[4.316s] INFO:colcon.colcon_core.shell:Creating prefix chain script '/home/lj/ne_io_Hik_Camera/install/setup.bash'
[4.335s] INFO:colcon.colcon_core.shell:Creating prefix script '/home/lj/ne_io_Hik_Camera/install/local_setup.zsh'
[4.336s] INFO:colcon.colcon_core.shell:Creating prefix chain script '/home/lj/ne_io_Hik_Camera/install/setup.zsh'
