[0.141s] Invoking command in '/home/lj/ne_io_Hik_Camera/build/hikcamera_node': CMAKE_PREFIX_PATH=/opt/ros/humble /usr/bin/cmake /home/lj/ne_io_Hik_Camera/src/hikcamera_node -DCMAKE_INSTALL_PREFIX=/home/lj/ne_io_Hik_Camera/install/hikcamera_node
[0.176s] [31mCMake Error at CMakeLists.txt:1 (cmake_minimum_required):
[0.177s]   cmake_minimum_required could not parse VERSION "3..0.2".
[0.177s] 
[0.177s] [0m
[0.604s] -- The C compiler identification is GNU 11.4.0
[1.066s] -- The CXX compiler identification is GNU 11.4.0
[1.134s] -- Detecting C compiler ABI info
[1.462s] -- Detecting C compiler ABI info - done
[1.492s] -- Check for working C compiler: /usr/bin/cc - skipped
[1.495s] -- Detecting C compile features
[1.499s] -- Detecting C compile features - done
[1.518s] -- Detecting CXX compiler ABI info
[1.898s] -- Detecting CXX compiler ABI info - done
[1.926s] -- Check for working CXX compiler: /usr/bin/c++ - skipped
[1.926s] -- Detecting CXX compile features
[1.926s] -- Detecting CXX compile features - done
[1.954s] -- Found ament_cmake: 1.3.7 (/opt/ros/humble/share/ament_cmake/cmake)
[2.505s] -- Found Python3: /usr/bin/python3.10 (found version "3.10.12") found components: Interpreter 
[3.029s] -- Found rclcpp: 16.0.8 (/opt/ros/humble/share/rclcpp/cmake)
[3.038s] [33mCMake Warning (dev) at /opt/ros/humble/share/ament_cmake_core/cmake/core/normalize_path.cmake:52 (while):
[3.038s]   had incorrect arguments:
[3.038s] 
[3.039s]     "TRUE"
[3.039s] 
[3.039s]   An argument named "TRUE" appears in a conditional statement.  Policy
[3.039s]   CMP0012 is not set: if() recognizes numbers and boolean constants.  Run
[3.040s]   "cmake --help-policy CMP0012" for policy details.  Use the cmake_policy
[3.040s]   command to set the policy and suppress this warning.
[3.041s] Call Stack (most recent call first):
[3.041s]   /opt/ros/humble/share/ament_cmake_core/cmake/core/normalize_path.cmake:34 (_normalize_path__collapse_redundant)
[3.041s]   /opt/ros/humble/share/rclcpp/cmake/ament_cmake_export_include_directories-extras.cmake:13 (normalize_path)
[3.041s]   /opt/ros/humble/share/rclcpp/cmake/rclcppConfig.cmake:41 (include)
[3.042s]   CMakeLists.txt:10 (find_package)
[3.042s] This warning is for project developers.  Use -Wno-dev to suppress it.
[3.042s] [0m
[3.043s] [33mCMake Warning (dev) at /opt/ros/humble/share/ament_cmake_core/cmake/core/normalize_path.cmake:72 (while):
[3.043s]   had incorrect arguments:
[3.046s] 
[3.046s]     "TRUE"
[3.046s] 
[3.046s]   An argument named "TRUE" appears in a conditional statement.  Policy
[3.047s]   CMP0012 is not set: if() recognizes numbers and boolean constants.  Run
[3.047s]   "cmake --help-policy CMP0012" for policy details.  Use the cmake_policy
[3.048s]   command to set the policy and suppress this warning.
[3.049s] Call Stack (most recent call first):
[3.050s]   /opt/ros/humble/share/ament_cmake_core/cmake/core/normalize_path.cmake:35 (_normalize_path__collapse_uplevel_reference)
[3.050s]   /opt/ros/humble/share/rclcpp/cmake/ament_cmake_export_include_directories-extras.cmake:13 (normalize_path)
[3.050s]   /opt/ros/humble/share/rclcpp/cmake/rclcppConfig.cmake:41 (include)
[3.050s]   CMakeLists.txt:10 (find_package)
[3.051s] This warning is for project developers.  Use -Wno-dev to suppress it.
[3.051s] [0m
[3.082s] [33mCMake Warning (dev) at /opt/ros/humble/share/ament_cmake_core/cmake/core/list_append_unique.cmake:30 (if):
[3.082s]   Policy CMP0057 is not set: Support new IN_LIST if() operator.  Run "cmake
[3.083s]   --help-policy CMP0057" for policy details.  Use the cmake_policy command to
[3.083s]   set the policy and suppress this warning.
[3.083s] 
[3.083s]   IN_LIST will be interpreted as an operator when the policy is set to NEW.
[3.084s]   Since the policy is not set the OLD behavior will be used.
[3.084s] Call Stack (most recent call first):
[3.085s]   /opt/ros/humble/share/rclcpp/cmake/ament_cmake_export_dependencies-extras.cmake:34 (list_append_unique)
[3.086s]   /opt/ros/humble/share/rclcpp/cmake/rclcppConfig.cmake:41 (include)
[3.086s]   CMakeLists.txt:10 (find_package)
[3.087s] This warning is for project developers.  Use -Wno-dev to suppress it.
[3.087s] [0m
[3.087s] [31mCMake Error at /opt/ros/humble/share/ament_cmake_core/cmake/core/list_append_unique.cmake:30 (if):
[3.088s]   if given arguments:
[3.088s] 
[3.088s]     "NOT" "element" "IN_LIST" "rclcpp_INCLUDE_DIRS"
[3.088s] 
[3.089s]   Unknown arguments specified
[3.089s] Call Stack (most recent call first):
[3.089s]   /opt/ros/humble/share/rclcpp/cmake/ament_cmake_export_dependencies-extras.cmake:34 (list_append_unique)
[3.089s]   /opt/ros/humble/share/rclcpp/cmake/rclcppConfig.cmake:41 (include)
[3.090s]   CMakeLists.txt:10 (find_package)
[3.090s] 
[3.090s] [0m
[3.090s] -- Configuring incomplete, errors occurred!
[3.091s] See also "/home/lj/ne_io_Hik_Camera/build/hikcamera_node/CMakeFiles/CMakeOutput.log".
[3.104s] Invoked command in '/home/lj/ne_io_Hik_Camera/build/hikcamera_node' returned '1': CMAKE_PREFIX_PATH=/opt/ros/humble /usr/bin/cmake /home/lj/ne_io_Hik_Camera/src/hikcamera_node -DCMAKE_INSTALL_PREFIX=/home/lj/ne_io_Hik_Camera/install/hikcamera_node
