-- Found ament_cmake: 1.3.7 (/opt/ros/humble/share/ament_cmake/cmake)
-- Found rclcpp: 16.0.8 (/opt/ros/humble/share/rclcpp/cmake)
-- Found rosidl_generator_c: 3.1.5 (/opt/ros/humble/share/rosidl_generator_c/cmake)
-- Found rosidl_adapter: 3.1.5 (/opt/ros/humble/share/rosidl_adapter/cmake)
-- Found rosidl_generator_cpp: 3.1.5 (/opt/ros/humble/share/rosidl_generator_cpp/cmake)
-- Using all available rosidl_typesupport_c: rosidl_typesupport_fastrtps_c;rosidl_typesupport_introspection_c
-- Using all available rosidl_typesupport_cpp: rosidl_typesupport_fastrtps_cpp;rosidl_typesupport_introspection_cpp
-- Found rmw_implementation_cmake: 6.1.1 (/opt/ros/humble/share/rmw_implementation_cmake/cmake)
-- Found rmw_fastrtps_cpp: 6.2.6 (/opt/ros/humble/share/rmw_fastrtps_cpp/cmake)
-- Found OpenSSL: /usr/lib/x86_64-linux-gnu/libcrypto.so (found version "3.0.2")  
-- Found FastRTPS: /opt/ros/humble/include  
-- Using RMW implementation 'rmw_fastrtps_cpp' as default
-- Looking for pthread.h
-- Looking for pthread.h - found
-- Performing Test CMAKE_HAVE_LIBC_PTHREAD
-- Performing Test CMAKE_HAVE_LIBC_PTHREAD - Success
-- Found Threads: TRUE  
-- Found image_transport: 3.1.8 (/opt/ros/humble/share/image_transport/cmake)
-- Found OpenCV: /usr (found version "4.5.4") 
-- Found cv_bridge: 3.2.1 (/opt/ros/humble/share/cv_bridge/cmake)
-- Found ament_lint_auto: 0.12.10 (/opt/ros/humble/share/ament_lint_auto/cmake)
-- Added test 'cppcheck' to perform static code analysis on C / C++ code
-- Configured cppcheck include dirs: /home/lj/ne_io_Hik_Camera/src/hikcamera_node/include
-- Configured cppcheck exclude dirs and/or files: 
-- Added test 'lint_cmake' to check CMake code style
-- Added test 'uncrustify' to check C / C++ code style
-- Configured uncrustify additional arguments: 
-- Added test 'xmllint' to check XML markup files
-- Configuring done
-- Generating done
-- Build files have been written to: /home/lj/ne_io_Hik_Camera/build/hikcamera_node
[ 33%] [32mBuilding CXX object CMakeFiles/camera_node.dir/src/hik_camera_node.cpp.o[0m
[ 66%] [32mBuilding CXX object CMakeFiles/camera_node.dir/src/hik_camera_io.cpp.o[0m
[01m[K/home/lj/ne_io_Hik_Camera/src/hikcamera_node/src/hik_camera_node.cpp:1:10:[m[K [01;31m[Kfatal error: [m[Khik_cmamera_node.cpp: æ²¡æœ‰é‚£ä¸ªæ–‡ä»¶æˆ–ç›®å½•
    1 | #include [01;31m[K"hik_cmamera_node.cpp"[m[K
      |          [01;31m[K^~~~~~~~~~~~~~~~~~~~~~[m[K
compilation terminated.
gmake[2]: *** [CMakeFiles/camera_node.dir/build.make:90ï¼šCMakeFiles/camera_node.dir/src/hik_camera_node.cpp.o] é”™è¯¯ 1
gmake[2]: *** æ­£åœ¨ç­‰å¾…æœªå®Œæˆçš„ä»»åŠ¡....
[01m[K/home/lj/ne_io_Hik_Camera/src/hikcamera_node/src/hik_camera_io.cpp:10:10:[m[K [01;31m[Kfatal error: [m[Khik_camera_io.h: æ²¡æœ‰é‚£ä¸ªæ–‡ä»¶æˆ–ç›®å½•
   10 | #include [01;31m[K"hik_camera_io.h"[m[K
      |          [01;31m[K^~~~~~~~~~~~~~~~~[m[K
compilation terminated.
gmake[2]: *** [CMakeFiles/camera_node.dir/build.make:76ï¼šCMakeFiles/camera_node.dir/src/hik_camera_io.cpp.o] é”™è¯¯ 1
gmake[1]: *** [CMakeFiles/Makefile2:137ï¼šCMakeFiles/camera_node.dir/all] é”™è¯¯ 2
gmake: *** [Makefile:146ï¼šall] é”™è¯¯ 2
