[0.139s] Invoking command in '/home/lj/ne_io_Hik_Camera/build/hikcamera_node': CMAKE_PREFIX_PATH=/opt/ros/humble /usr/bin/cmake /home/lj/ne_io_Hik_Camera/src/hikcamera_node -DCMAKE_INSTALL_PREFIX=/home/lj/ne_io_Hik_Camera/install/hikcamera_node
[0.193s] -- Found ament_cmake: 1.3.7 (/opt/ros/humble/share/ament_cmake/cmake)
[0.628s] -- Found rclcpp: 16.0.8 (/opt/ros/humble/share/rclcpp/cmake)
[1.005s] -- Found rosidl_generator_c: 3.1.5 (/opt/ros/humble/share/rosidl_generator_c/cmake)
[1.049s] -- Found rosidl_adapter: 3.1.5 (/opt/ros/humble/share/rosidl_adapter/cmake)
[1.140s] -- Found rosidl_generator_cpp: 3.1.5 (/opt/ros/humble/share/rosidl_generator_cpp/cmake)
[1.287s] -- Using all available rosidl_typesupport_c: rosidl_typesupport_fastrtps_c;rosidl_typesupport_introspection_c
[1.456s] -- Using all available rosidl_typesupport_cpp: rosidl_typesupport_fastrtps_cpp;rosidl_typesupport_introspection_cpp
[2.073s] -- Found rmw_implementation_cmake: 6.1.1 (/opt/ros/humble/share/rmw_implementation_cmake/cmake)
[2.110s] -- Found rmw_fastrtps_cpp: 6.2.6 (/opt/ros/humble/share/rmw_fastrtps_cpp/cmake)
[2.893s] -- Found OpenSSL: /usr/lib/x86_64-linux-gnu/libcrypto.so (found version "3.0.2")  
[3.041s] -- Found FastRTPS: /opt/ros/humble/include  
[3.166s] -- Using RMW implementation 'rmw_fastrtps_cpp' as default
[3.217s] -- Looking for pthread.h
[3.928s] -- Looking for pthread.h - found
[3.929s] -- Performing Test CMAKE_HAVE_LIBC_PTHREAD
[4.270s] -- Performing Test CMAKE_HAVE_LIBC_PTHREAD - Success
[4.272s] -- Found Threads: TRUE  
[4.954s] -- Found image_transport: 3.1.8 (/opt/ros/humble/share/image_transport/cmake)
[6.288s] -- Found OpenCV: /usr (found version "4.5.4") 
[6.298s] -- Found cv_bridge: 3.2.1 (/opt/ros/humble/share/cv_bridge/cmake)
[6.375s] -- Found ament_lint_auto: 0.12.10 (/opt/ros/humble/share/ament_lint_auto/cmake)
[6.855s] -- Added test 'cppcheck' to perform static code analysis on C / C++ code
[6.860s] -- Configured cppcheck include dirs: /home/lj/ne_io_Hik_Camera/src/hikcamera_node/include
[6.863s] -- Configured cppcheck exclude dirs and/or files: 
[6.868s] -- Added test 'lint_cmake' to check CMake code style
[6.878s] -- Added test 'uncrustify' to check C / C++ code style
[6.879s] -- Configured uncrustify additional arguments: 
[6.884s] -- Added test 'xmllint' to check XML markup files
[6.899s] -- Configuring done
[6.994s] -- Generating done
[7.001s] -- Build files have been written to: /home/lj/ne_io_Hik_Camera/build/hikcamera_node
[7.032s] Invoked command in '/home/lj/ne_io_Hik_Camera/build/hikcamera_node' returned '0': CMAKE_PREFIX_PATH=/opt/ros/humble /usr/bin/cmake /home/lj/ne_io_Hik_Camera/src/hikcamera_node -DCMAKE_INSTALL_PREFIX=/home/lj/ne_io_Hik_Camera/install/hikcamera_node
[7.042s] Invoking command in '/home/lj/ne_io_Hik_Camera/build/hikcamera_node': CMAKE_PREFIX_PATH=/opt/ros/humble /usr/bin/cmake --build /home/lj/ne_io_Hik_Camera/build/hikcamera_node -- -j4 -l4
[7.441s] [ 33%] [32mBuilding CXX object CMakeFiles/camera_node.dir/src/hik_camera_node.cpp.o[0m
[7.459s] [ 66%] [32mBuilding CXX object CMakeFiles/camera_node.dir/src/hik_camera_io.cpp.o[0m
[7.557s] [01m[K/home/lj/ne_io_Hik_Camera/src/hikcamera_node/src/hik_camera_node.cpp:1:10:[m[K [01;31m[Kfatal error: [m[Khik_cmamera_node.cpp: æ²¡æœ‰é‚£ä¸ªæ–‡ä»¶æˆ–ç›®å½•
[7.559s]     1 | #include [01;31m[K"hik_cmamera_node.cpp"[m[K
[7.561s]       |          [01;31m[K^~~~~~~~~~~~~~~~~~~~~~[m[K
[7.561s] compilation terminated.
[7.563s] gmake[2]: *** [CMakeFiles/camera_node.dir/build.make:90ï¼šCMakeFiles/camera_node.dir/src/hik_camera_node.cpp.o] é”™è¯¯ 1
[7.563s] gmake[2]: *** æ­£åœ¨ç­‰å¾…æœªå®Œæˆçš„ä»»åŠ¡....
[8.152s] [01m[K/home/lj/ne_io_Hik_Camera/src/hikcamera_node/src/hik_camera_io.cpp:10:10:[m[K [01;31m[Kfatal error: [m[Khik_camera_io.h: æ²¡æœ‰é‚£ä¸ªæ–‡ä»¶æˆ–ç›®å½•
[8.153s]    10 | #include [01;31m[K"hik_camera_io.h"[m[K
[8.153s]       |          [01;31m[K^~~~~~~~~~~~~~~~~[m[K
[8.153s] compilation terminated.
[8.156s] gmake[2]: *** [CMakeFiles/camera_node.dir/build.make:76ï¼šCMakeFiles/camera_node.dir/src/hik_camera_io.cpp.o] é”™è¯¯ 1
[8.159s] gmake[1]: *** [CMakeFiles/Makefile2:137ï¼šCMakeFiles/camera_node.dir/all] é”™è¯¯ 2
[8.159s] gmake: *** [Makefile:146ï¼šall] é”™è¯¯ 2
[8.181s] Invoked command in '/home/lj/ne_io_Hik_Camera/build/hikcamera_node' returned '2': CMAKE_PREFIX_PATH=/opt/ros/humble /usr/bin/cmake --build /home/lj/ne_io_Hik_Camera/build/hikcamera_node -- -j4 -l4
