[0.068s] Invoking command in '/home/lj/ne_io_Hik_Camera/build/hikcamera_node': CMAKE_PREFIX_PATH=/opt/ros/humble /usr/bin/cmake --build /home/lj/ne_io_Hik_Camera/build/hikcamera_node -- -j4 -l4
[0.128s] [35m[1mConsolidate compiler generated dependencies of target camera_node[0m
[0.163s] [ 33%] [32mBuilding CXX object CMakeFiles/camera_node.dir/src/hik_camera_node.cpp.o[0m
[3.779s] [01m[K/home/lj/ne_io_Hik_Camera/src/hikcamera_node/src/hik_camera_node.cpp:[m[K In member function ‘[01m[Kvoid ImagePublisher::initializeImageTransport()[m[K’:
[3.779s] [01m[K/home/lj/ne_io_Hik_Camera/src/hikcamera_node/src/hik_camera_node.cpp:25:17:[m[K [01;31m[Kerror: [m[Kreference to ‘[01m[Kshared_from_this[m[K’ is ambiguous
[3.779s]    25 |     auto node = [01;31m[Kshared_from_this[m[K();  // 创建一个临时的 shared_ptr
[3.779s]       |                 [01;31m[K^~~~~~~~~~~~~~~~[m[K
[3.779s] In file included from [01m[K/usr/include/c++/11/memory:77[m[K,
[3.779s]                  from [01m[K/opt/ros/humble/include/rclcpp/rclcpp/rclcpp.hpp:153[m[K,
[3.779s]                  from [01m[K/home/lj/ne_io_Hik_Camera/src/hikcamera_node/include/hik_camera_node.hpp:4[m[K,
[3.779s]                  from [01m[K/home/lj/ne_io_Hik_Camera/src/hikcamera_node/src/hik_camera_node.cpp:1[m[K:
[3.779s] [01m[K/usr/include/c++/11/bits/shared_ptr.h:811:7:[m[K [01;36m[Knote: [m[Kcandidates are: ‘[01m[Kstd::shared_ptr<const _Tp> std::enable_shared_from_this<_Tp>::shared_from_this() const [with _Tp = ImagePublisher][m[K’
[3.780s]   811 |       [01;36m[Kshared_from_this[m[K() const
[3.780s]       |       [01;36m[K^~~~~~~~~~~~~~~~[m[K
[3.780s] [01m[K/usr/include/c++/11/bits/shared_ptr.h:807:7:[m[K [01;36m[Knote: [m[K                ‘[01m[Kstd::shared_ptr<_Tp> std::enable_shared_from_this<_Tp>::shared_from_this() [with _Tp = ImagePublisher][m[K’
[3.780s]   807 |       [01;36m[Kshared_from_this[m[K()
[3.780s]       |       [01;36m[K^~~~~~~~~~~~~~~~[m[K
[3.780s] [01m[K/usr/include/c++/11/bits/shared_ptr.h:811:7:[m[K [01;36m[Knote: [m[K                ‘[01m[Kstd::shared_ptr<const _Tp> std::enable_shared_from_this<_Tp>::shared_from_this() const [with _Tp = rclcpp::Node][m[K’
[3.780s]   811 |       [01;36m[Kshared_from_this[m[K() const
[3.780s]       |       [01;36m[K^~~~~~~~~~~~~~~~[m[K
[3.780s] [01m[K/usr/include/c++/11/bits/shared_ptr.h:807:7:[m[K [01;36m[Knote: [m[K                ‘[01m[Kstd::shared_ptr<_Tp> std::enable_shared_from_this<_Tp>::shared_from_this() [with _Tp = rclcpp::Node][m[K’
[3.780s]   807 |       [01;36m[Kshared_from_this[m[K()
[3.780s]       |       [01;36m[K^~~~~~~~~~~~~~~~[m[K
[5.411s] gmake[2]: *** [CMakeFiles/camera_node.dir/build.make:90：CMakeFiles/camera_node.dir/src/hik_camera_node.cpp.o] 错误 1
[5.411s] gmake[1]: *** [CMakeFiles/Makefile2:137：CMakeFiles/camera_node.dir/all] 错误 2
[5.412s] gmake: *** [Makefile:146：all] 错误 2
[5.415s] Invoked command in '/home/lj/ne_io_Hik_Camera/build/hikcamera_node' returned '2': CMAKE_PREFIX_PATH=/opt/ros/humble /usr/bin/cmake --build /home/lj/ne_io_Hik_Camera/build/hikcamera_node -- -j4 -l4
