[1.053s] DEBUG:colcon:Command line arguments: ['/usr/bin/colcon', 'build']
[1.054s] DEBUG:colcon:Parsed command line arguments: Namespace(log_base=None, log_level=None, verb_name='build', build_base='build', install_base='install', merge_install=False, symlink_install=False, test_result_base=None, continue_on_error=False, executor='parallel', parallel_workers=4, event_handlers=None, ignore_user_meta=False, metas=['./colcon.meta'], base_paths=['.'], packages_ignore=None, packages_ignore_regex=None, paths=None, packages_up_to=None, packages_up_to_regex=None, packages_above=None, packages_above_and_dependencies=None, packages_above_depth=None, packages_select_by_dep=None, packages_skip_by_dep=None, packages_skip_up_to=None, packages_select_build_failed=False, packages_skip_build_finished=False, packages_select_test_failures=False, packages_skip_test_passed=False, packages_select=None, packages_skip=None, packages_select_regex=None, packages_skip_regex=None, packages_start=None, packages_end=None, allow_overriding=[], cmake_args=None, cmake_target=None, cmake_target_skip_unavailable=False, cmake_clean_cache=False, cmake_clean_first=False, cmake_force_configure=False, ament_cmake_args=None, catkin_cmake_args=None, catkin_skip_building_tests=False, verb_parser=<colcon_defaults.argument_parser.defaults.DefaultArgumentsDecorator object at 0x7b621369ee90>, verb_extension=<colcon_core.verb.build.BuildVerb object at 0x7b621369ffa0>, main=<bound method BuildVerb.main of <colcon_core.verb.build.BuildVerb object at 0x7b621369ffa0>>)
[1.099s] Level 1:colcon.colcon_core.package_discovery:discover_packages(colcon_meta) check parameters
[1.100s] Level 1:colcon.colcon_core.package_discovery:discover_packages(recursive) check parameters
[1.100s] Level 1:colcon.colcon_core.package_discovery:discover_packages(ignore) check parameters
[1.101s] Level 1:colcon.colcon_core.package_discovery:discover_packages(path) check parameters
[1.101s] Level 1:colcon.colcon_core.package_discovery:discover_packages(colcon_meta) discover
[1.101s] Level 1:colcon.colcon_core.package_discovery:discover_packages(recursive) discover
[1.101s] INFO:colcon.colcon_core.package_discovery:Crawling recursively for packages in '/home/lj/ne_io_Hik_Camera'
[1.101s] Level 1:colcon.colcon_core.package_identification:_identify(.) by extensions ['ignore', 'ignore_ament_install']
[1.101s] Level 1:colcon.colcon_core.package_identification:_identify(.) by extension 'ignore'
[1.101s] Level 1:colcon.colcon_core.package_identification:_identify(.) by extension 'ignore_ament_install'
[1.101s] Level 1:colcon.colcon_core.package_identification:_identify(.) by extensions ['colcon_pkg']
[1.101s] Level 1:colcon.colcon_core.package_identification:_identify(.) by extension 'colcon_pkg'
[1.101s] Level 1:colcon.colcon_core.package_identification:_identify(.) by extensions ['colcon_meta']
[1.101s] Level 1:colcon.colcon_core.package_identification:_identify(.) by extension 'colcon_meta'
[1.101s] Level 1:colcon.colcon_core.package_identification:_identify(.) by extensions ['ros']
[1.101s] Level 1:colcon.colcon_core.package_identification:_identify(.) by extension 'ros'
[1.112s] Level 1:colcon.colcon_core.package_identification:_identify(.) by extensions ['cmake', 'python']
[1.112s] Level 1:colcon.colcon_core.package_identification:_identify(.) by extension 'cmake'
[1.112s] Level 1:colcon.colcon_core.package_identification:_identify(.) by extension 'python'
[1.112s] Level 1:colcon.colcon_core.package_identification:_identify(.) by extensions ['python_setup_py']
[1.112s] Level 1:colcon.colcon_core.package_identification:_identify(.) by extension 'python_setup_py'
[1.113s] Level 1:colcon.colcon_core.package_identification:_identify(build) by extensions ['ignore', 'ignore_ament_install']
[1.113s] Level 1:colcon.colcon_core.package_identification:_identify(build) by extension 'ignore'
[1.113s] Level 1:colcon.colcon_core.package_identification:_identify(build) ignored
[1.113s] Level 1:colcon.colcon_core.package_identification:_identify(install) by extensions ['ignore', 'ignore_ament_install']
[1.113s] Level 1:colcon.colcon_core.package_identification:_identify(install) by extension 'ignore'
[1.113s] Level 1:colcon.colcon_core.package_identification:_identify(install) ignored
[1.113s] Level 1:colcon.colcon_core.package_identification:_identify(log) by extensions ['ignore', 'ignore_ament_install']
[1.113s] Level 1:colcon.colcon_core.package_identification:_identify(log) by extension 'ignore'
[1.113s] Level 1:colcon.colcon_core.package_identification:_identify(log) ignored
[1.113s] Level 1:colcon.colcon_core.package_identification:_identify(src) by extensions ['ignore', 'ignore_ament_install']
[1.113s] Level 1:colcon.colcon_core.package_identification:_identify(src) by extension 'ignore'
[1.114s] Level 1:colcon.colcon_core.package_identification:_identify(src) by extension 'ignore_ament_install'
[1.114s] Level 1:colcon.colcon_core.package_identification:_identify(src) by extensions ['colcon_pkg']
[1.114s] Level 1:colcon.colcon_core.package_identification:_identify(src) by extension 'colcon_pkg'
[1.114s] Level 1:colcon.colcon_core.package_identification:_identify(src) by extensions ['colcon_meta']
[1.114s] Level 1:colcon.colcon_core.package_identification:_identify(src) by extension 'colcon_meta'
[1.114s] Level 1:colcon.colcon_core.package_identification:_identify(src) by extensions ['ros']
[1.114s] Level 1:colcon.colcon_core.package_identification:_identify(src) by extension 'ros'
[1.114s] Level 1:colcon.colcon_core.package_identification:_identify(src) by extensions ['cmake', 'python']
[1.114s] Level 1:colcon.colcon_core.package_identification:_identify(src) by extension 'cmake'
[1.114s] Level 1:colcon.colcon_core.package_identification:_identify(src) by extension 'python'
[1.114s] Level 1:colcon.colcon_core.package_identification:_identify(src) by extensions ['python_setup_py']
[1.114s] Level 1:colcon.colcon_core.package_identification:_identify(src) by extension 'python_setup_py'
[1.114s] Level 1:colcon.colcon_core.package_identification:_identify(src/hikcamera_node) by extensions ['ignore', 'ignore_ament_install']
[1.114s] Level 1:colcon.colcon_core.package_identification:_identify(src/hikcamera_node) by extension 'ignore'
[1.114s] Level 1:colcon.colcon_core.package_identification:_identify(src/hikcamera_node) by extension 'ignore_ament_install'
[1.114s] Level 1:colcon.colcon_core.package_identification:_identify(src/hikcamera_node) by extensions ['colcon_pkg']
[1.114s] Level 1:colcon.colcon_core.package_identification:_identify(src/hikcamera_node) by extension 'colcon_pkg'
[1.114s] Level 1:colcon.colcon_core.package_identification:_identify(src/hikcamera_node) by extensions ['colcon_meta']
[1.114s] Level 1:colcon.colcon_core.package_identification:_identify(src/hikcamera_node) by extension 'colcon_meta'
[1.115s] Level 1:colcon.colcon_core.package_identification:_identify(src/hikcamera_node) by extensions ['ros']
[1.115s] Level 1:colcon.colcon_core.package_identification:_identify(src/hikcamera_node) by extension 'ros'
[1.119s] DEBUG:colcon.colcon_core.package_identification:Package 'src/hikcamera_node' with type 'ros.ament_cmake' and name 'hikcamera_node'
[1.119s] Level 1:colcon.colcon_core.package_discovery:discover_packages(recursive) using defaults
[1.119s] Level 1:colcon.colcon_core.package_discovery:discover_packages(ignore) discover
[1.119s] Level 1:colcon.colcon_core.package_discovery:discover_packages(ignore) using defaults
[1.119s] Level 1:colcon.colcon_core.package_discovery:discover_packages(path) discover
[1.119s] Level 1:colcon.colcon_core.package_discovery:discover_packages(path) using defaults
[1.208s] Level 1:colcon.colcon_core.package_discovery:discover_packages(prefix_path) check parameters
[1.208s] Level 1:colcon.colcon_core.package_discovery:discover_packages(prefix_path) discover
[1.236s] DEBUG:colcon.colcon_installed_package_information.package_discovery:Found 1 installed packages in /home/lj/ne_io_Hik_Camera/install
[1.255s] DEBUG:colcon.colcon_installed_package_information.package_discovery:Found 272 installed packages in /opt/ros/humble
[1.257s] Level 1:colcon.colcon_core.package_discovery:discover_packages(prefix_path) using defaults
[1.355s] Level 5:colcon.colcon_core.verb:set package 'hikcamera_node' build argument 'cmake_args' from command line to 'None'
[1.355s] Level 5:colcon.colcon_core.verb:set package 'hikcamera_node' build argument 'cmake_target' from command line to 'None'
[1.355s] Level 5:colcon.colcon_core.verb:set package 'hikcamera_node' build argument 'cmake_target_skip_unavailable' from command line to 'False'
[1.355s] Level 5:colcon.colcon_core.verb:set package 'hikcamera_node' build argument 'cmake_clean_cache' from command line to 'False'
[1.355s] Level 5:colcon.colcon_core.verb:set package 'hikcamera_node' build argument 'cmake_clean_first' from command line to 'False'
[1.355s] Level 5:colcon.colcon_core.verb:set package 'hikcamera_node' build argument 'cmake_force_configure' from command line to 'False'
[1.355s] Level 5:colcon.colcon_core.verb:set package 'hikcamera_node' build argument 'ament_cmake_args' from command line to 'None'
[1.355s] Level 5:colcon.colcon_core.verb:set package 'hikcamera_node' build argument 'catkin_cmake_args' from command line to 'None'
[1.355s] Level 5:colcon.colcon_core.verb:set package 'hikcamera_node' build argument 'catkin_skip_building_tests' from command line to 'False'
[1.355s] DEBUG:colcon.colcon_core.verb:Building package 'hikcamera_node' with the following arguments: {'ament_cmake_args': None, 'build_base': '/home/lj/ne_io_Hik_Camera/build/hikcamera_node', 'catkin_cmake_args': None, 'catkin_skip_building_tests': False, 'cmake_args': None, 'cmake_clean_cache': False, 'cmake_clean_first': False, 'cmake_force_configure': False, 'cmake_target': None, 'cmake_target_skip_unavailable': False, 'install_base': '/home/lj/ne_io_Hik_Camera/install/hikcamera_node', 'merge_install': False, 'path': '/home/lj/ne_io_Hik_Camera/src/hikcamera_node', 'symlink_install': False, 'test_result_base': None}
[1.369s] INFO:colcon.colcon_core.executor:Executing jobs using 'parallel' executor
[1.385s] DEBUG:colcon.colcon_parallel_executor.executor.parallel:run_until_complete
[1.385s] INFO:colcon.colcon_ros.task.ament_cmake.build:Building ROS package in '/home/lj/ne_io_Hik_Camera/src/hikcamera_node' with build type 'ament_cmake'
[1.386s] INFO:colcon.colcon_cmake.task.cmake.build:Building CMake package in '/home/lj/ne_io_Hik_Camera/src/hikcamera_node'
[1.405s] INFO:colcon.colcon_core.plugin_system:Skipping extension 'colcon_core.shell.bat': Not used on non-Windows systems
[1.405s] INFO:colcon.colcon_core.shell:Skip shell extension 'powershell' for command environment: Not usable outside of PowerShell
[1.405s] DEBUG:colcon.colcon_core.shell:Skip shell extension 'dsv' for command environment
[1.470s] DEBUG:colcon.colcon_core.event_handler.log_command:Invoking command in '/home/lj/ne_io_Hik_Camera/build/hikcamera_node': CMAKE_PREFIX_PATH=${CMAKE_PREFIX_PATH}:/opt/ros/humble /usr/bin/cmake --build /home/lj/ne_io_Hik_Camera/build/hikcamera_node -- -j4 -l4
[9.340s] DEBUG:colcon.colcon_core.event_handler.log_command:Invoked command in '/home/lj/ne_io_Hik_Camera/build/hikcamera_node' returned '0': CMAKE_PREFIX_PATH=${CMAKE_PREFIX_PATH}:/opt/ros/humble /usr/bin/cmake --build /home/lj/ne_io_Hik_Camera/build/hikcamera_node -- -j4 -l4
[9.412s] DEBUG:colcon.colcon_core.event_handler.log_command:Invoking command in '/home/lj/ne_io_Hik_Camera/build/hikcamera_node': CMAKE_PREFIX_PATH=${CMAKE_PREFIX_PATH}:/opt/ros/humble /usr/bin/cmake --install /home/lj/ne_io_Hik_Camera/build/hikcamera_node
[9.428s] Level 1:colcon.colcon_core.environment:create_environment_scripts_only(hikcamera_node)
[9.429s] DEBUG:colcon.colcon_core.event_handler.log_command:Invoked command in '/home/lj/ne_io_Hik_Camera/build/hikcamera_node' returned '0': CMAKE_PREFIX_PATH=${CMAKE_PREFIX_PATH}:/opt/ros/humble /usr/bin/cmake --install /home/lj/ne_io_Hik_Camera/build/hikcamera_node
[9.446s] Level 1:colcon.colcon_core.environment:checking '/home/lj/ne_io_Hik_Camera/install/hikcamera_node' for CMake module files
[9.446s] Level 1:colcon.colcon_core.environment:checking '/home/lj/ne_io_Hik_Camera/install/hikcamera_node' for CMake config files
[9.446s] Level 1:colcon.colcon_core.shell:create_environment_hook('hikcamera_node', 'cmake_prefix_path')
[9.467s] INFO:colcon.colcon_core.shell:Creating environment hook '/home/lj/ne_io_Hik_Camera/install/hikcamera_node/share/hikcamera_node/hook/cmake_prefix_path.ps1'
[9.468s] INFO:colcon.colcon_core.shell:Creating environment descriptor '/home/lj/ne_io_Hik_Camera/install/hikcamera_node/share/hikcamera_node/hook/cmake_prefix_path.dsv'
[9.473s] INFO:colcon.colcon_core.shell:Creating environment hook '/home/lj/ne_io_Hik_Camera/install/hikcamera_node/share/hikcamera_node/hook/cmake_prefix_path.sh'
[9.475s] Level 1:colcon.colcon_core.environment:checking '/home/lj/ne_io_Hik_Camera/install/hikcamera_node/lib'
[9.475s] Level 1:colcon.colcon_core.environment:checking '/home/lj/ne_io_Hik_Camera/install/hikcamera_node/bin'
[9.475s] Level 1:colcon.colcon_core.environment:checking '/home/lj/ne_io_Hik_Camera/install/hikcamera_node/lib/pkgconfig/hikcamera_node.pc'
[9.476s] Level 1:colcon.colcon_core.environment:checking '/home/lj/ne_io_Hik_Camera/install/hikcamera_node/lib/python3.10/site-packages'
[9.476s] Level 1:colcon.colcon_core.environment:checking '/home/lj/ne_io_Hik_Camera/install/hikcamera_node/bin'
[9.492s] INFO:colcon.colcon_core.shell:Creating package script '/home/lj/ne_io_Hik_Camera/install/hikcamera_node/share/hikcamera_node/package.ps1'
[9.494s] INFO:colcon.colcon_core.shell:Creating package descriptor '/home/lj/ne_io_Hik_Camera/install/hikcamera_node/share/hikcamera_node/package.dsv'
[9.494s] INFO:colcon.colcon_core.shell:Creating package script '/home/lj/ne_io_Hik_Camera/install/hikcamera_node/share/hikcamera_node/package.sh'
[9.495s] INFO:colcon.colcon_core.shell:Creating package script '/home/lj/ne_io_Hik_Camera/install/hikcamera_node/share/hikcamera_node/package.bash'
[9.495s] INFO:colcon.colcon_core.shell:Creating package script '/home/lj/ne_io_Hik_Camera/install/hikcamera_node/share/hikcamera_node/package.zsh'
[9.496s] Level 1:colcon.colcon_core.environment:create_file_with_runtime_dependencies(/home/lj/ne_io_Hik_Camera/install/hikcamera_node/share/colcon-core/packages/hikcamera_node)
[9.572s] Level 1:colcon.colcon_core.environment:create_environment_scripts_only(hikcamera_node)
[9.588s] Level 1:colcon.colcon_core.environment:checking '/home/lj/ne_io_Hik_Camera/install/hikcamera_node' for CMake module files
[9.589s] Level 1:colcon.colcon_core.environment:checking '/home/lj/ne_io_Hik_Camera/install/hikcamera_node' for CMake config files
[9.589s] Level 1:colcon.colcon_core.shell:create_environment_hook('hikcamera_node', 'cmake_prefix_path')
[9.604s] INFO:colcon.colcon_core.shell:Creating environment hook '/home/lj/ne_io_Hik_Camera/install/hikcamera_node/share/hikcamera_node/hook/cmake_prefix_path.ps1'
[9.605s] INFO:colcon.colcon_core.shell:Creating environment descriptor '/home/lj/ne_io_Hik_Camera/install/hikcamera_node/share/hikcamera_node/hook/cmake_prefix_path.dsv'
[9.606s] INFO:colcon.colcon_core.shell:Creating environment hook '/home/lj/ne_io_Hik_Camera/install/hikcamera_node/share/hikcamera_node/hook/cmake_prefix_path.sh'
[9.607s] Level 1:colcon.colcon_core.environment:checking '/home/lj/ne_io_Hik_Camera/install/hikcamera_node/lib'
[9.607s] Level 1:colcon.colcon_core.environment:checking '/home/lj/ne_io_Hik_Camera/install/hikcamera_node/bin'
[9.607s] Level 1:colcon.colcon_core.environment:checking '/home/lj/ne_io_Hik_Camera/install/hikcamera_node/lib/pkgconfig/hikcamera_node.pc'
[9.608s] Level 1:colcon.colcon_core.environment:checking '/home/lj/ne_io_Hik_Camera/install/hikcamera_node/lib/python3.10/site-packages'
[9.608s] Level 1:colcon.colcon_core.environment:checking '/home/lj/ne_io_Hik_Camera/install/hikcamera_node/bin'
[9.622s] INFO:colcon.colcon_core.shell:Creating package script '/home/lj/ne_io_Hik_Camera/install/hikcamera_node/share/hikcamera_node/package.ps1'
[9.623s] INFO:colcon.colcon_core.shell:Creating package descriptor '/home/lj/ne_io_Hik_Camera/install/hikcamera_node/share/hikcamera_node/package.dsv'
[9.623s] INFO:colcon.colcon_core.shell:Creating package script '/home/lj/ne_io_Hik_Camera/install/hikcamera_node/share/hikcamera_node/package.sh'
[9.624s] INFO:colcon.colcon_core.shell:Creating package script '/home/lj/ne_io_Hik_Camera/install/hikcamera_node/share/hikcamera_node/package.bash'
[9.624s] INFO:colcon.colcon_core.shell:Creating package script '/home/lj/ne_io_Hik_Camera/install/hikcamera_node/share/hikcamera_node/package.zsh'
[9.625s] Level 1:colcon.colcon_core.environment:create_file_with_runtime_dependencies(/home/lj/ne_io_Hik_Camera/install/hikcamera_node/share/colcon-core/packages/hikcamera_node)
[9.626s] DEBUG:colcon.colcon_parallel_executor.executor.parallel:closing loop
[9.627s] DEBUG:colcon.colcon_parallel_executor.executor.parallel:loop closed
[9.627s] DEBUG:colcon.colcon_parallel_executor.executor.parallel:run_until_complete finished with '0'
[9.628s] DEBUG:colcon.colcon_core.event_reactor:joining thread
[9.658s] INFO:colcon.colcon_core.plugin_system:Skipping extension 'colcon_notification.desktop_notification.terminal_notifier': Not used on non-Darwin systems
[9.658s] INFO:colcon.colcon_core.plugin_system:Skipping extension 'colcon_notification.desktop_notification.win32': Not used on non-Windows systems
[9.658s] INFO:colcon.colcon_notification.desktop_notification:Sending desktop notification using 'notify2'
[9.685s] DEBUG:colcon.colcon_core.event_reactor:joined thread
[9.707s] INFO:colcon.colcon_core.shell:Creating prefix script '/home/lj/ne_io_Hik_Camera/install/local_setup.ps1'
[9.708s] INFO:colcon.colcon_core.shell:Creating prefix util module '/home/lj/ne_io_Hik_Camera/install/_local_setup_util_ps1.py'
[9.711s] INFO:colcon.colcon_core.shell:Creating prefix chain script '/home/lj/ne_io_Hik_Camera/install/setup.ps1'
[9.733s] INFO:colcon.colcon_core.shell:Creating prefix script '/home/lj/ne_io_Hik_Camera/install/local_setup.sh'
[9.734s] INFO:colcon.colcon_core.shell:Creating prefix util module '/home/lj/ne_io_Hik_Camera/install/_local_setup_util_sh.py'
[9.735s] INFO:colcon.colcon_core.shell:Creating prefix chain script '/home/lj/ne_io_Hik_Camera/install/setup.sh'
[9.754s] INFO:colcon.colcon_core.shell:Creating prefix script '/home/lj/ne_io_Hik_Camera/install/local_setup.bash'
[9.755s] INFO:colcon.colcon_core.shell:Creating prefix chain script '/home/lj/ne_io_Hik_Camera/install/setup.bash'
[9.774s] INFO:colcon.colcon_core.shell:Creating prefix script '/home/lj/ne_io_Hik_Camera/install/local_setup.zsh'
[9.775s] INFO:colcon.colcon_core.shell:Creating prefix chain script '/home/lj/ne_io_Hik_Camera/install/setup.zsh'
